<?xml version="1.0" encoding="UTF-8"?>
<testng-results ignored="2" total="5" passed="3" failed="0" skipped="0">
  <reporter-output>
  </reporter-output>
  <suite started-at="2025-10-27T16:37:11 IST" name="Default suite" finished-at="2025-10-27T16:37:28 IST" duration-ms="17653">
    <groups>
      <group name="sanity">
        <method signature="HomePageTestCases.verifyUserIsAbleToSearchItemsWithValidData(java.lang.reflect.Method,java.lang.String)[pri:1, instance:TestPackage.HomePageTestCases@320de594]" name="verifyUserIsAbleToSearchItemsWithValidData" class="TestPackage.HomePageTestCases"/>
      </group> <!-- sanity -->
    </groups>
    <test started-at="2025-10-27T16:37:11 IST" name="Default test" finished-at="2025-10-27T16:37:28 IST" duration-ms="17653">
      <class name="TestPackage.HomePageTestCases">
        <test-method is-config="true" signature="setUpExtentReport()[pri:0, instance:TestPackage.HomePageTestCases@320de594]" started-at="2025-10-27T16:37:10 IST" name="setUpExtentReport" finished-at="2025-10-27T16:37:11 IST" duration-ms="976" status="PASS">
          <reporter-output>
          </reporter-output>
        </test-method> <!-- setUpExtentReport -->
        <test-method is-config="true" signature="createTestForExtentReport(java.lang.reflect.Method)[pri:0, instance:TestPackage.HomePageTestCases@320de594]" started-at="2025-10-27T16:37:13 IST" name="createTestForExtentReport" finished-at="2025-10-27T16:37:15 IST" duration-ms="1303" status="PASS">
          <params>
            <param index="0">
              <value>
                <![CDATA[public void TestPackage.HomePageTestCases.verifyUserIsAbleToSearchItemsWithValidData(java.lang.reflect.Method,java.lang.String) throws java.io.IOException]]>
              </value>
            </param>
          </params>
          <reporter-output>
          </reporter-output>
        </test-method> <!-- createTestForExtentReport -->
        <test-method signature="verifyUserIsAbleToSearchItemsWithValidData(java.lang.reflect.Method,java.lang.String)[pri:1, instance:TestPackage.HomePageTestCases@320de594]" started-at="2025-10-27T16:37:15 IST" name="verifyUserIsAbleToSearchItemsWithValidData" data-provider="excelData" finished-at="2025-10-27T16:37:15 IST" duration-ms="927" status="PASS">
          <params>
            <param index="0">
              <value>
                <![CDATA[public void TestPackage.HomePageTestCases.verifyUserIsAbleToSearchItemsWithValidData(java.lang.reflect.Method,java.lang.String) throws java.io.IOException]]>
              </value>
            </param>
            <param index="1">
              <value>
                <![CDATA[iPhone]]>
              </value>
            </param>
          </params>
          <reporter-output>
          </reporter-output>
        </test-method> <!-- verifyUserIsAbleToSearchItemsWithValidData -->
        <test-method is-config="true" signature="logResult(org.testng.ITestResult)[pri:0, instance:TestPackage.HomePageTestCases@320de594]" started-at="2025-10-27T16:37:15 IST" name="logResult" finished-at="2025-10-27T16:37:15 IST" duration-ms="13" status="PASS">
          <params>
            <param index="0">
              <value>
                <![CDATA[[TestResult name=verifyUserIsAbleToSearchItemsWithValidData status=SUCCESS method=HomePageTestCases.verifyUserIsAbleToSearchItemsWithValidData(java.lang.reflect.Method,java.lang.String)[pri:1, instance:TestPackage.HomePageTestCases@320de594] output={null}]]]>
              </value>
            </param>
          </params>
          <reporter-output>
          </reporter-output>
        </test-method> <!-- logResult -->
        <test-method is-config="true" signature="createTestForExtentReport(java.lang.reflect.Method)[pri:0, instance:TestPackage.HomePageTestCases@320de594]" started-at="2025-10-27T16:37:15 IST" name="createTestForExtentReport" finished-at="2025-10-27T16:37:16 IST" duration-ms="303" status="PASS">
          <params>
            <param index="0">
              <value>
                <![CDATA[public void TestPackage.HomePageTestCases.verifyUserIsAbleToSearchItemsWithValidData(java.lang.reflect.Method,java.lang.String) throws java.io.IOException]]>
              </value>
            </param>
          </params>
          <reporter-output>
          </reporter-output>
        </test-method> <!-- createTestForExtentReport -->
        <test-method signature="verifyUserIsAbleToSearchItemsWithValidData(java.lang.reflect.Method,java.lang.String)[pri:1, instance:TestPackage.HomePageTestCases@320de594]" started-at="2025-10-27T16:37:16 IST" name="verifyUserIsAbleToSearchItemsWithValidData" data-provider="excelData" finished-at="2025-10-27T16:37:22 IST" duration-ms="5945" status="PASS">
          <params>
            <param index="0">
              <value>
                <![CDATA[public void TestPackage.HomePageTestCases.verifyUserIsAbleToSearchItemsWithValidData(java.lang.reflect.Method,java.lang.String) throws java.io.IOException]]>
              </value>
            </param>
            <param index="1">
              <value>
                <![CDATA[iPod Nano]]>
              </value>
            </param>
          </params>
          <reporter-output>
          </reporter-output>
        </test-method> <!-- verifyUserIsAbleToSearchItemsWithValidData -->
        <test-method is-config="true" signature="logResult(org.testng.ITestResult)[pri:0, instance:TestPackage.HomePageTestCases@320de594]" started-at="2025-10-27T16:37:22 IST" name="logResult" finished-at="2025-10-27T16:37:22 IST" duration-ms="2" status="PASS">
          <params>
            <param index="0">
              <value>
                <![CDATA[[TestResult name=verifyUserIsAbleToSearchItemsWithValidData status=SUCCESS method=HomePageTestCases.verifyUserIsAbleToSearchItemsWithValidData(java.lang.reflect.Method,java.lang.String)[pri:1, instance:TestPackage.HomePageTestCases@320de594] output={null}]]]>
              </value>
            </param>
          </params>
          <reporter-output>
          </reporter-output>
        </test-method> <!-- logResult -->
        <test-method is-config="true" signature="createTestForExtentReport(java.lang.reflect.Method)[pri:0, instance:TestPackage.HomePageTestCases@320de594]" started-at="2025-10-27T16:37:22 IST" name="createTestForExtentReport" finished-at="2025-10-27T16:37:22 IST" duration-ms="486" status="PASS">
          <params>
            <param index="0">
              <value>
                <![CDATA[public void TestPackage.HomePageTestCases.verifyUserIsAbleToSearchItemsWithValidData(java.lang.reflect.Method,java.lang.String) throws java.io.IOException]]>
              </value>
            </param>
          </params>
          <reporter-output>
          </reporter-output>
        </test-method> <!-- createTestForExtentReport -->
        <test-method signature="verifyUserIsAbleToSearchItemsWithValidData(java.lang.reflect.Method,java.lang.String)[pri:1, instance:TestPackage.HomePageTestCases@320de594]" started-at="2025-10-27T16:37:22 IST" name="verifyUserIsAbleToSearchItemsWithValidData" data-provider="excelData" finished-at="2025-10-27T16:37:28 IST" duration-ms="5940" status="PASS">
          <params>
            <param index="0">
              <value>
                <![CDATA[public void TestPackage.HomePageTestCases.verifyUserIsAbleToSearchItemsWithValidData(java.lang.reflect.Method,java.lang.String) throws java.io.IOException]]>
              </value>
            </param>
            <param index="1">
              <value>
                <![CDATA[iPod Touch]]>
              </value>
            </param>
          </params>
          <reporter-output>
          </reporter-output>
        </test-method> <!-- verifyUserIsAbleToSearchItemsWithValidData -->
        <test-method is-config="true" signature="logResult(org.testng.ITestResult)[pri:0, instance:TestPackage.HomePageTestCases@320de594]" started-at="2025-10-27T16:37:28 IST" name="logResult" finished-at="2025-10-27T16:37:28 IST" duration-ms="1" status="PASS">
          <params>
            <param index="0">
              <value>
                <![CDATA[[TestResult name=verifyUserIsAbleToSearchItemsWithValidData status=SUCCESS method=HomePageTestCases.verifyUserIsAbleToSearchItemsWithValidData(java.lang.reflect.Method,java.lang.String)[pri:1, instance:TestPackage.HomePageTestCases@320de594] output={null}]]]>
              </value>
            </param>
          </params>
          <reporter-output>
          </reporter-output>
        </test-method> <!-- logResult -->
        <test-method is-config="true" signature="CloseTheBrowser()[pri:0, instance:TestPackage.HomePageTestCases@320de594]" started-at="2025-10-27T16:37:28 IST" name="CloseTheBrowser" finished-at="2025-10-27T16:37:29 IST" duration-ms="327" status="PASS">
          <reporter-output>
          </reporter-output>
        </test-method> <!-- CloseTheBrowser -->
      </class> <!-- TestPackage.HomePageTestCases -->
    </test> <!-- Default test -->
  </suite> <!-- Default suite -->
</testng-results>
