<?xml version="1.0" encoding="UTF-8"?>
<testng-results ignored="5" total="6" passed="1" failed="0" skipped="0">
  <reporter-output>
  </reporter-output>
  <suite started-at="2025-11-27T21:27:38 IST" name="Default suite" finished-at="2025-11-27T21:27:45 IST" duration-ms="6446">
    <groups>
    </groups>
    <test started-at="2025-11-27T21:27:38 IST" name="Default test" finished-at="2025-11-27T21:27:45 IST" duration-ms="6446">
      <class name="TestPages.CartPageTestCases">
        <test-method is-config="true" signature="setUpExtentReport()[pri:0, instance:TestPages.CartPageTestCases@45c8d09f]" started-at="2025-11-27T21:27:36 IST" name="setUpExtentReport" finished-at="2025-11-27T21:27:38 IST" duration-ms="2081" status="PASS">
          <reporter-output>
          </reporter-output>
        </test-method> <!-- setUpExtentReport -->
        <test-method is-config="true" signature="pageObjectInit()[pri:0, instance:TestPages.CartPageTestCases@45c8d09f]" started-at="2025-11-27T21:27:38 IST" name="pageObjectInit" finished-at="2025-11-27T21:27:38 IST" duration-ms="32" status="PASS">
          <reporter-output>
          </reporter-output>
        </test-method> <!-- pageObjectInit -->
        <test-method is-config="true" signature="launchBrowser(java.lang.reflect.Method)[pri:0, instance:TestPages.CartPageTestCases@45c8d09f]" started-at="2025-11-27T21:27:38 IST" name="launchBrowser" finished-at="2025-11-27T21:27:39 IST" duration-ms="800" status="PASS">
          <params>
            <param index="0">
              <value>
                <![CDATA[public void TestPages.CartPageTestCases.verifyItemQuantityIncreasingWhileAddingSameItem(java.lang.reflect.Method)]]>
              </value>
            </param>
          </params>
          <reporter-output>
          </reporter-output>
        </test-method> <!-- launchBrowser -->
        <test-method signature="verifyItemQuantityIncreasingWhileAddingSameItem(java.lang.reflect.Method)[pri:0, instance:TestPages.CartPageTestCases@45c8d09f]" started-at="2025-11-27T21:27:39 IST" name="verifyItemQuantityIncreasingWhileAddingSameItem" finished-at="2025-11-27T21:27:45 IST" duration-ms="5480" status="PASS">
          <params>
            <param index="0">
              <value>
                <![CDATA[public void TestPages.CartPageTestCases.verifyItemQuantityIncreasingWhileAddingSameItem(java.lang.reflect.Method)]]>
              </value>
            </param>
          </params>
          <reporter-output>
          </reporter-output>
        </test-method> <!-- verifyItemQuantityIncreasingWhileAddingSameItem -->
        <test-method is-config="true" signature="closeBrowser(org.testng.ITestResult)[pri:0, instance:TestPages.CartPageTestCases@45c8d09f]" started-at="2025-11-27T21:27:45 IST" name="closeBrowser" finished-at="2025-11-27T21:27:45 IST" duration-ms="17" status="PASS">
          <params>
            <param index="0">
              <value>
                <![CDATA[[TestResult name=verifyItemQuantityIncreasingWhileAddingSameItem status=SUCCESS method=CartPageTestCases.verifyItemQuantityIncreasingWhileAddingSameItem(java.lang.reflect.Method)[pri:0, instance:TestPages.CartPageTestCases@45c8d09f] output={null}]]]>
              </value>
            </param>
          </params>
          <reporter-output>
          </reporter-output>
        </test-method> <!-- closeBrowser -->
        <test-method is-config="true" signature="flushReport()[pri:0, instance:TestPages.CartPageTestCases@45c8d09f]" started-at="2025-11-27T21:27:45 IST" name="flushReport" finished-at="2025-11-27T21:27:46 IST" duration-ms="946" status="PASS">
          <reporter-output>
          </reporter-output>
        </test-method> <!-- flushReport -->
      </class> <!-- TestPages.CartPageTestCases -->
    </test> <!-- Default test -->
  </suite> <!-- Default suite -->
</testng-results>
