<?xml version="1.0" encoding="UTF-8"?>
<testng-results ignored="0" total="7" passed="0" failed="7" skipped="0">
  <reporter-output>
  </reporter-output>
  <suite started-at="2026-01-11T19:34:57 IST" name="Default suite" finished-at="2026-01-11T19:34:58 IST" duration-ms="722">
    <groups>
      <group name="cucumber">
        <method signature="AbstractTestNGCucumberTests.runScenario(io.cucumber.testng.PickleWrapper,io.cucumber.testng.FeatureWrapper)[pri:0, instance:TestRunners.TestRunner@47eaca72]" name="runScenario" class="io.cucumber.testng.AbstractTestNGCucumberTests"/>
      </group> <!-- cucumber -->
    </groups>
    <test started-at="2026-01-11T19:34:57 IST" name="Default test" finished-at="2026-01-11T19:34:58 IST" duration-ms="722">
      <class name="TestRunners.TestRunner">
        <test-method is-config="true" signature="setUpClass(org.testng.ITestContext)[pri:0, instance:TestRunners.TestRunner@47eaca72]" started-at="2026-01-11T19:34:57 IST" name="setUpClass" finished-at="2026-01-11T19:34:58 IST" duration-ms="463" status="PASS">
          <params>
            <param index="0">
              <value>
                <![CDATA[org.testng.TestRunner@c00fff0]]>
              </value>
            </param>
          </params>
          <reporter-output>
          </reporter-output>
        </test-method> <!-- setUpClass -->
        <test-method signature="runScenario(io.cucumber.testng.PickleWrapper,io.cucumber.testng.FeatureWrapper)[pri:0, instance:TestRunners.TestRunner@47eaca72]" started-at="2026-01-11T19:34:58 IST" name="runScenario" description="Runs Cucumber Scenarios" data-provider="scenarios" finished-at="2026-01-11T19:34:58 IST" duration-ms="104" status="FAIL">
          <params>
            <param index="0">
              <value>
                <![CDATA["Item count updates when adding different products"]]>
              </value>
            </param>
            <param index="1">
              <value>
                <![CDATA["Home Page Functionality"]]>
              </value>
            </param>
          </params>
          <exception class="java.lang.IllegalArgumentException">
            <message>
              <![CDATA[Driver must be set]]>
            </message>
            <full-stacktrace>
              <![CDATA[java.lang.IllegalArgumentException: Driver must be set
at org.openqa.selenium.internal.Require.nonNull(Require.java:64)
at org.openqa.selenium.interactions.Actions.<init>(Actions.java:67)
at org.openqa.selenium.interactions.Actions.<init>(Actions.java:63)
at utilities.ActionsUtilitiy.<init>(ActionsUtilitiy.java:23)
at pageObjects.HomePageMethods.<init>(HomePageMethods.java:20)
at pageObjects.HomePageMethods.getHomePageObject(HomePageMethods.java:27)
at StepDefinitions.HomePageStepDefinitions.user_is_on_home_page(HomePageStepDefinitions.java:27)
at ✽.user is on the home page(file:///C:/Users/Akshay/eclipse-workspace/GreenKart1_Selenium_Java_Cucumber/src/test/resources/FeatureFiles/home.feature:8)
]]>
            </full-stacktrace>
          </exception> <!-- java.lang.IllegalArgumentException -->
          <reporter-output>
          </reporter-output>
        </test-method> <!-- runScenario -->
        <test-method signature="runScenario(io.cucumber.testng.PickleWrapper,io.cucumber.testng.FeatureWrapper)[pri:0, instance:TestRunners.TestRunner@47eaca72]" started-at="2026-01-11T19:34:58 IST" name="runScenario" description="Runs Cucumber Scenarios" data-provider="scenarios" finished-at="2026-01-11T19:34:58 IST" duration-ms="8" status="FAIL">
          <params>
            <param index="0">
              <value>
                <![CDATA["Item count updates when adding different products"]]>
              </value>
            </param>
            <param index="1">
              <value>
                <![CDATA["Home Page Functionality"]]>
              </value>
            </param>
          </params>
          <exception class="java.lang.IllegalArgumentException">
            <message>
              <![CDATA[Driver must be set]]>
            </message>
            <full-stacktrace>
              <![CDATA[java.lang.IllegalArgumentException: Driver must be set
at org.openqa.selenium.internal.Require.nonNull(Require.java:64)
at org.openqa.selenium.interactions.Actions.<init>(Actions.java:67)
at org.openqa.selenium.interactions.Actions.<init>(Actions.java:63)
at utilities.ActionsUtilitiy.<init>(ActionsUtilitiy.java:23)
at pageObjects.HomePageMethods.<init>(HomePageMethods.java:20)
at pageObjects.HomePageMethods.getHomePageObject(HomePageMethods.java:27)
at StepDefinitions.HomePageStepDefinitions.user_is_on_home_page(HomePageStepDefinitions.java:27)
at ✽.user is on the home page(file:///C:/Users/Akshay/eclipse-workspace/GreenKart1_Selenium_Java_Cucumber/src/test/resources/FeatureFiles/home.feature:8)
]]>
            </full-stacktrace>
          </exception> <!-- java.lang.IllegalArgumentException -->
          <reporter-output>
          </reporter-output>
        </test-method> <!-- runScenario -->
        <test-method signature="runScenario(io.cucumber.testng.PickleWrapper,io.cucumber.testng.FeatureWrapper)[pri:0, instance:TestRunners.TestRunner@47eaca72]" started-at="2026-01-11T19:34:58 IST" name="runScenario" description="Runs Cucumber Scenarios" data-provider="scenarios" finished-at="2026-01-11T19:34:58 IST" duration-ms="7" status="FAIL">
          <params>
            <param index="0">
              <value>
                <![CDATA["Item count increases when adding multiple products"]]>
              </value>
            </param>
            <param index="1">
              <value>
                <![CDATA["Home Page Functionality"]]>
              </value>
            </param>
          </params>
          <exception class="java.lang.IllegalArgumentException">
            <message>
              <![CDATA[Driver must be set]]>
            </message>
            <full-stacktrace>
              <![CDATA[java.lang.IllegalArgumentException: Driver must be set
at org.openqa.selenium.internal.Require.nonNull(Require.java:64)
at org.openqa.selenium.interactions.Actions.<init>(Actions.java:67)
at org.openqa.selenium.interactions.Actions.<init>(Actions.java:63)
at utilities.ActionsUtilitiy.<init>(ActionsUtilitiy.java:23)
at pageObjects.HomePageMethods.<init>(HomePageMethods.java:20)
at pageObjects.HomePageMethods.getHomePageObject(HomePageMethods.java:27)
at StepDefinitions.HomePageStepDefinitions.user_is_on_home_page(HomePageStepDefinitions.java:27)
at ✽.user is on the home page(file:///C:/Users/Akshay/eclipse-workspace/GreenKart1_Selenium_Java_Cucumber/src/test/resources/FeatureFiles/home.feature:8)
]]>
            </full-stacktrace>
          </exception> <!-- java.lang.IllegalArgumentException -->
          <reporter-output>
          </reporter-output>
        </test-method> <!-- runScenario -->
        <test-method signature="runScenario(io.cucumber.testng.PickleWrapper,io.cucumber.testng.FeatureWrapper)[pri:0, instance:TestRunners.TestRunner@47eaca72]" started-at="2026-01-11T19:34:58 IST" name="runScenario" description="Runs Cucumber Scenarios" data-provider="scenarios" finished-at="2026-01-11T19:34:58 IST" duration-ms="4" status="FAIL">
          <params>
            <param index="0">
              <value>
                <![CDATA["Item count should not increase when adding same product twice"]]>
              </value>
            </param>
            <param index="1">
              <value>
                <![CDATA["Home Page Functionality"]]>
              </value>
            </param>
          </params>
          <exception class="java.lang.IllegalArgumentException">
            <message>
              <![CDATA[Driver must be set]]>
            </message>
            <full-stacktrace>
              <![CDATA[java.lang.IllegalArgumentException: Driver must be set
at org.openqa.selenium.internal.Require.nonNull(Require.java:64)
at org.openqa.selenium.interactions.Actions.<init>(Actions.java:67)
at org.openqa.selenium.interactions.Actions.<init>(Actions.java:63)
at utilities.ActionsUtilitiy.<init>(ActionsUtilitiy.java:23)
at pageObjects.HomePageMethods.<init>(HomePageMethods.java:20)
at pageObjects.HomePageMethods.getHomePageObject(HomePageMethods.java:27)
at StepDefinitions.HomePageStepDefinitions.user_is_on_home_page(HomePageStepDefinitions.java:27)
at ✽.user is on the home page(file:///C:/Users/Akshay/eclipse-workspace/GreenKart1_Selenium_Java_Cucumber/src/test/resources/FeatureFiles/home.feature:8)
]]>
            </full-stacktrace>
          </exception> <!-- java.lang.IllegalArgumentException -->
          <reporter-output>
          </reporter-output>
        </test-method> <!-- runScenario -->
        <test-method signature="runScenario(io.cucumber.testng.PickleWrapper,io.cucumber.testng.FeatureWrapper)[pri:0, instance:TestRunners.TestRunner@47eaca72]" started-at="2026-01-11T19:34:58 IST" name="runScenario" description="Runs Cucumber Scenarios" data-provider="scenarios" finished-at="2026-01-11T19:34:58 IST" duration-ms="6" status="FAIL">
          <params>
            <param index="0">
              <value>
                <![CDATA["Cart price increases after adding item"]]>
              </value>
            </param>
            <param index="1">
              <value>
                <![CDATA["Home Page Functionality"]]>
              </value>
            </param>
          </params>
          <exception class="java.lang.IllegalArgumentException">
            <message>
              <![CDATA[Driver must be set]]>
            </message>
            <full-stacktrace>
              <![CDATA[java.lang.IllegalArgumentException: Driver must be set
at org.openqa.selenium.internal.Require.nonNull(Require.java:64)
at org.openqa.selenium.interactions.Actions.<init>(Actions.java:67)
at org.openqa.selenium.interactions.Actions.<init>(Actions.java:63)
at utilities.ActionsUtilitiy.<init>(ActionsUtilitiy.java:23)
at pageObjects.HomePageMethods.<init>(HomePageMethods.java:20)
at pageObjects.HomePageMethods.getHomePageObject(HomePageMethods.java:27)
at StepDefinitions.HomePageStepDefinitions.user_is_on_home_page(HomePageStepDefinitions.java:27)
at ✽.user is on the home page(file:///C:/Users/Akshay/eclipse-workspace/GreenKart1_Selenium_Java_Cucumber/src/test/resources/FeatureFiles/home.feature:8)
]]>
            </full-stacktrace>
          </exception> <!-- java.lang.IllegalArgumentException -->
          <reporter-output>
          </reporter-output>
        </test-method> <!-- runScenario -->
        <test-method signature="runScenario(io.cucumber.testng.PickleWrapper,io.cucumber.testng.FeatureWrapper)[pri:0, instance:TestRunners.TestRunner@47eaca72]" started-at="2026-01-11T19:34:58 IST" name="runScenario" description="Runs Cucumber Scenarios" data-provider="scenarios" finished-at="2026-01-11T19:34:58 IST" duration-ms="46" status="FAIL">
          <params>
            <param index="0">
              <value>
                <![CDATA["Default quantity should not decrease below one"]]>
              </value>
            </param>
            <param index="1">
              <value>
                <![CDATA["Home Page Functionality"]]>
              </value>
            </param>
          </params>
          <exception class="java.lang.IllegalArgumentException">
            <message>
              <![CDATA[Driver must be set]]>
            </message>
            <full-stacktrace>
              <![CDATA[java.lang.IllegalArgumentException: Driver must be set
at org.openqa.selenium.internal.Require.nonNull(Require.java:64)
at org.openqa.selenium.interactions.Actions.<init>(Actions.java:67)
at org.openqa.selenium.interactions.Actions.<init>(Actions.java:63)
at utilities.ActionsUtilitiy.<init>(ActionsUtilitiy.java:23)
at pageObjects.HomePageMethods.<init>(HomePageMethods.java:20)
at pageObjects.HomePageMethods.getHomePageObject(HomePageMethods.java:27)
at StepDefinitions.HomePageStepDefinitions.user_is_on_home_page(HomePageStepDefinitions.java:27)
at ✽.user is on the home page(file:///C:/Users/Akshay/eclipse-workspace/GreenKart1_Selenium_Java_Cucumber/src/test/resources/FeatureFiles/home.feature:8)
]]>
            </full-stacktrace>
          </exception> <!-- java.lang.IllegalArgumentException -->
          <reporter-output>
          </reporter-output>
        </test-method> <!-- runScenario -->
        <test-method signature="runScenario(io.cucumber.testng.PickleWrapper,io.cucumber.testng.FeatureWrapper)[pri:0, instance:TestRunners.TestRunner@47eaca72]" started-at="2026-01-11T19:34:58 IST" name="runScenario" description="Runs Cucumber Scenarios" data-provider="scenarios" finished-at="2026-01-11T19:34:58 IST" duration-ms="5" status="FAIL">
          <params>
            <param index="0">
              <value>
                <![CDATA["User can search product successfully"]]>
              </value>
            </param>
            <param index="1">
              <value>
                <![CDATA["Home Page Functionality"]]>
              </value>
            </param>
          </params>
          <exception class="java.lang.IllegalArgumentException">
            <message>
              <![CDATA[Driver must be set]]>
            </message>
            <full-stacktrace>
              <![CDATA[java.lang.IllegalArgumentException: Driver must be set
at org.openqa.selenium.internal.Require.nonNull(Require.java:64)
at org.openqa.selenium.interactions.Actions.<init>(Actions.java:67)
at org.openqa.selenium.interactions.Actions.<init>(Actions.java:63)
at utilities.ActionsUtilitiy.<init>(ActionsUtilitiy.java:23)
at pageObjects.HomePageMethods.<init>(HomePageMethods.java:20)
at pageObjects.HomePageMethods.getHomePageObject(HomePageMethods.java:27)
at StepDefinitions.HomePageStepDefinitions.user_is_on_home_page(HomePageStepDefinitions.java:27)
at ✽.user is on the home page(file:///C:/Users/Akshay/eclipse-workspace/GreenKart1_Selenium_Java_Cucumber/src/test/resources/FeatureFiles/home.feature:8)
]]>
            </full-stacktrace>
          </exception> <!-- java.lang.IllegalArgumentException -->
          <reporter-output>
          </reporter-output>
        </test-method> <!-- runScenario -->
        <test-method is-config="true" signature="tearDownClass()[pri:0, instance:TestRunners.TestRunner@47eaca72]" started-at="2026-01-11T19:34:58 IST" name="tearDownClass" finished-at="2026-01-11T19:34:58 IST" duration-ms="25" status="PASS">
          <reporter-output>
          </reporter-output>
        </test-method> <!-- tearDownClass -->
      </class> <!-- TestRunners.TestRunner -->
    </test> <!-- Default test -->
  </suite> <!-- Default suite -->
</testng-results>
