<?xml version="1.0" encoding="UTF-8"?>
<!-- Generated by org.testng.reporters.JUnitXMLReporter -->
<testsuite ignored="1" hostname="DESKTOP-BUAMJ51" failures="0" tests="1" name="Default test" time="12.773" errors="0" timestamp="2025-11-08T22:11:17 IST">
  <testcase classname="TestPackage.HomePageTestCases" name="verifyUserCanAddProductToCart" time="12.73"/>
  <testcase classname="TestPackage.HomePageTestCases" name="verifyUserCanSelectCountryAndStartShopping" time="0.0">
    <ignored/>
  </testcase> <!-- verifyUserCanSelectCountryAndStartShopping -->
</testsuite> <!-- Default test -->
