<?xml version="1.0" encoding="UTF-8"?>
<!-- Generated by org.testng.reporters.JUnitXMLReporter -->
<testsuite hostname="HIPUNL71802" name="Test" tests="27" failures="1" timestamp="29 Jun 2020 13:51:25 GMT" time="126.071" errors="0">
  <testcase name="verifyGreenKartLogo" time="0.145" classname="greenKartTestCases.HomePageTest"/>
  <testcase name="verify_user_is_able_to_navigate_to_Top_Deals_page" time="0.481" classname="greenKartTestCases.TopDealsTest"/>
  <testcase name="verify_user_is_able_to_navigate_to_Top_Deals_page" time="2.773" classname="greenKartTestCases.FlightBookingTest"/>
  <testcase name="verifyTopDealsLink" time="0.177" classname="greenKartTestCases.HomePageTest"/>
  <testcase name="verify_descending_sorting_on_veg_fruit_column" time="1.498" classname="greenKartTestCases.TopDealsTest"/>
  <testcase name="verify_user_is_able_to_select_from_to_details_for_one_wat_trip" time="1.391" classname="greenKartTestCases.FlightBookingTest"/>
  <testcase name="verifyflightBookingLink" time="0.125" classname="greenKartTestCases.HomePageTest"/>
  <testcase name="verify_ascending_sorting_on_veg_fruit_column" time="0.379" classname="greenKartTestCases.TopDealsTest"/>
  <testcase name="verify_user_is_able_to_select_passanger_details" time="2.693" classname="greenKartTestCases.FlightBookingTest"/>
  <testcase name="verifyitemsAndPriceSection" time="0.104" classname="greenKartTestCases.HomePageTest"/>
  <testcase name="verify_descending_sorting_on_price_column" time="0.299" classname="greenKartTestCases.TopDealsTest"/>
  <testcase name="verify_popup_is_displayed_if_passanger_limit_exceed" time="3.298" classname="greenKartTestCases.FlightBookingTest"/>
  <testcase name="verifycartIcon" time="0.081" classname="greenKartTestCases.HomePageTest"/>
  <testcase name="verify_ascending_sorting_on_price_column" time="0.189" classname="greenKartTestCases.TopDealsTest"/>
  <testcase name="verify_user_is_able_to_select_currency" time="1.485" classname="greenKartTestCases.FlightBookingTest"/>
  <testcase name="verifySearhFunctionality" time="2.728" classname="greenKartTestCases.HomePageTest"/>
  <testcase name="verify_descending_sorting_on_discount_price_column" time="0.263" classname="greenKartTestCases.TopDealsTest"/>
  <testcase name="verify_user_is_able_to_select_checkbox" time="1.105" classname="greenKartTestCases.FlightBookingTest"/>
  <testcase name="verifySearchVegetableIsNotPresent" time="4.283" classname="greenKartTestCases.HomePageTest"/>
  <testcase name="verify_ascending_sorting_on_discount_price_column" time="0.189" classname="greenKartTestCases.TopDealsTest"/>
  <testcase name="verify_tooltip_for_student" time="0.082" classname="greenKartTestCases.FlightBookingTest">
    <failure type="java.lang.AssertionError" message="expected [Applicable for all students above the age of 12 years studying with a bonafide school/university. Limited inventory available. Valid photo ID and educational institute I-card need to be presented for verification at check-in. Bookings under this offer are refundable. Conditions applys.] but found [Applicable for all students above the age of 12 years studying with a bonafide school/university. Limited inventory available. Valid photo ID and educational institute I-card need to be presented for verification at check-in. Bookings under this offer are refundable. Conditions apply.]">
      <![CDATA[java.lang.AssertionError: expected [Applicable for all students above the age of 12 years studying with a bonafide school/university. Limited inventory available. Valid photo ID and educational institute I-card need to be presented for verification at check-in. Bookings under this offer are refundable. Conditions applys.] but found [Applicable for all students above the age of 12 years studying with a bonafide school/university. Limited inventory available. Valid photo ID and educational institute I-card need to be presented for verification at check-in. Bookings under this offer are refundable. Conditions apply.]
	at greenKartPages.FlightBookingPage.tooltip_for_student(FlightBookingPage.java:110)
	at greenKartTestCases.FlightBookingTest.verify_tooltip_for_student(FlightBookingTest.java:72)
	at java.util.concurrent.ThreadPoolExecutor.runWorker(Unknown Source)
	at java.util.concurrent.ThreadPoolExecutor$Worker.run(Unknown Source)
	at java.lang.Thread.run(Unknown Source)
... Removed 16 stack frames]]>
    </failure>
  </testcase> <!-- verify_tooltip_for_student -->
  <testcase name="verifyDetailsOnSearchvegetable" time="5.537" classname="greenKartTestCases.HomePageTest"/>
  <testcase name="verify_special_assistance_popup" time="0.446" classname="greenKartTestCases.FlightBookingTest"/>
  <testcase name="verify_user_add_n_Kg_vegetable" time="3.739" classname="greenKartTestCases.HomePageTest"/>
  <testcase name="verify_multicity_popup" time="5.404" classname="greenKartTestCases.FlightBookingTest"/>
  <testcase name="verify_user_is_able_to_add_multilpe_vegetables" time="38.289" classname="greenKartTestCases.HomePageTest"/>
  <testcase name="verify_added_vegetables_in_cart" time="15.906" classname="greenKartTestCases.HomePageTest"/>
</testsuite> <!-- Test -->
