<?xml version="1.0" encoding="UTF-8"?>
<testng-results ignored="0" total="1" passed="1" failed="0" skipped="0">
  <reporter-output>
  </reporter-output>
  <suite started-at="2026-03-27T12:11:16 IST" name="Default suite" finished-at="2026-03-27T12:11:17 IST" duration-ms="53">
    <groups>
    </groups>
    <test started-at="2026-03-27T12:11:16 IST" name="Default test" finished-at="2026-03-27T12:11:17 IST" duration-ms="53">
      <class name="coding.coding">
        <test-method signature="countingAllCharactersInString()[pri:0, instance:coding.coding@41d477ed]" started-at="2026-03-27T12:11:17 IST" name="countingAllCharactersInString" finished-at="2026-03-27T12:11:17 IST" duration-ms="10" status="PASS">
          <reporter-output>
          </reporter-output>
        </test-method> <!-- countingAllCharactersInString -->
      </class> <!-- coding.coding -->
    </test> <!-- Default test -->
  </suite> <!-- Default suite -->
</testng-results>
