<?xml version="1.0" encoding="UTF-8"?>
<testng-results ignored="0" total="1" passed="1" failed="0" skipped="0">
  <reporter-output>
  </reporter-output>
  <suite started-at="2026-01-17T15:28:57 IST" name="Default suite" finished-at="2026-01-17T15:28:57 IST" duration-ms="54">
    <groups>
    </groups>
    <test started-at="2026-01-17T15:28:57 IST" name="Default test" finished-at="2026-01-17T15:28:57 IST" duration-ms="54">
      <class name="coding.coding">
        <test-method signature="PractiseHere()[pri:0, instance:coding.coding@3e694b3f]" started-at="2026-01-17T15:28:57 IST" name="PractiseHere" finished-at="2026-01-17T15:28:57 IST" duration-ms="8" status="PASS">
          <reporter-output>
          </reporter-output>
        </test-method> <!-- PractiseHere -->
      </class> <!-- coding.coding -->
    </test> <!-- Default test -->
  </suite> <!-- Default suite -->
</testng-results>
