<?xml version="1.0" encoding="UTF-8"?>
<testng-results ignored="3" total="4" passed="1" failed="0" skipped="0">
  <reporter-output>
  </reporter-output>
  <suite started-at="2025-11-27T18:24:41 IST" name="Default suite" finished-at="2025-11-27T18:25:16 IST" duration-ms="35312">
    <groups>
    </groups>
    <test started-at="2025-11-27T18:24:41 IST" name="Default test" finished-at="2025-11-27T18:25:16 IST" duration-ms="35312">
      <class name="TestPackage.HomePageTestCases">
        <test-method is-config="true" signature="setUpExtentReport()[pri:0, instance:TestPackage.HomePageTestCases@561b6512]" started-at="2025-11-27T18:24:21 IST" name="setUpExtentReport" finished-at="2025-11-27T18:24:41 IST" duration-ms="20177" status="PASS">
          <reporter-output>
          </reporter-output>
        </test-method> <!-- setUpExtentReport -->
        <test-method is-config="true" signature="createTestForExtentReport(java.lang.reflect.Method)[pri:0, instance:TestPackage.HomePageTestCases@561b6512]" started-at="2025-11-27T18:24:41 IST" name="createTestForExtentReport" finished-at="2025-11-27T18:24:43 IST" duration-ms="1366" status="PASS">
          <params>
            <param index="0">
              <value>
                <![CDATA[public void TestPackage.HomePageTestCases.verifyUserCanSelectCountryAndStartShopping(java.lang.reflect.Method)]]>
              </value>
            </param>
          </params>
          <reporter-output>
          </reporter-output>
        </test-method> <!-- createTestForExtentReport -->
        <test-method is-config="true" signature="setUpHomePageObjects()[pri:0, instance:TestPackage.HomePageTestCases@561b6512]" started-at="2025-11-27T18:24:43 IST" name="setUpHomePageObjects" finished-at="2025-11-27T18:24:43 IST" duration-ms="15" status="PASS">
          <reporter-output>
          </reporter-output>
        </test-method> <!-- setUpHomePageObjects -->
        <test-method signature="verifyUserCanSelectCountryAndStartShopping(java.lang.reflect.Method)[pri:0, instance:TestPackage.HomePageTestCases@561b6512]" started-at="2025-11-27T18:24:43 IST" name="verifyUserCanSelectCountryAndStartShopping" finished-at="2025-11-27T18:25:16 IST" duration-ms="33785" status="PASS">
          <params>
            <param index="0">
              <value>
                <![CDATA[public void TestPackage.HomePageTestCases.verifyUserCanSelectCountryAndStartShopping(java.lang.reflect.Method)]]>
              </value>
            </param>
          </params>
          <reporter-output>
          </reporter-output>
        </test-method> <!-- verifyUserCanSelectCountryAndStartShopping -->
        <test-method is-config="true" signature="logResult(org.testng.ITestResult)[pri:0, instance:TestPackage.HomePageTestCases@561b6512]" started-at="2025-11-27T18:25:16 IST" name="logResult" finished-at="2025-11-27T18:25:16 IST" duration-ms="70" status="FAIL">
          <params>
            <param index="0">
              <value>
                <![CDATA[[TestResult name=verifyUserCanSelectCountryAndStartShopping status=SUCCESS method=HomePageTestCases.verifyUserCanSelectCountryAndStartShopping(java.lang.reflect.Method)[pri:0, instance:TestPackage.HomePageTestCases@561b6512] output={null}]]]>
              </value>
            </param>
          </params>
          <exception class="org.openqa.selenium.UnsupportedCommandException">
            <message>
              <![CDATA[The requested resource could not be found, or a request was received using an HTTP method that is not supported by the mapped resource
Build info: version: '4.13.0', revision: 'ba948ece5b*'
System info: os.name: 'Windows 11', os.arch: 'amd64', os.version: '10.0', java.version: '21.0.8'
Driver info: io.appium.java_client.android.AndroidDriver
Command: [ca8db7d6-f729-4432-8120-04640950a10b, close {}]
Capabilities {appium:app: C:\Users\Akshay\eclipse-wor..., appium:appActivity: com.androidsample.generalst..., appium:appPackage: com.androidsample.generalstore, appium:automationName: UiAutomator2, appium:databaseEnabled: false, appium:desired: {app: C:\Users\Akshay\eclipse-wor..., appActivity: com.androidsample.generalst..., appPackage: com.androidsample.generalstore, automationName: UiAutomator2, deviceName: AkshayEmulator2, newCommandTimeout: 60, platformName: ANDROID}, appium:deviceApiLevel: 36, appium:deviceManufacturer: Google, appium:deviceModel: sdk_gphone64_x86_64, appium:deviceName: emulator-5554, appium:deviceScreenDensity: 420, appium:deviceScreenSize: 1080x2424, appium:deviceUDID: emulator-5554, appium:javascriptEnabled: true, appium:locationContextEnabled: false, appium:networkConnectionEnabled: true, appium:newCommandTimeout: 60, appium:pixelRatio: 2.625, appium:platformVersion: 16, appium:statBarHeight: 137, appium:takesScreenshot: true, appium:viewportRect: {height: 2287, left: 0, top: 137, width: 1080}, appium:warnings: {}, appium:webStorageEnabled: false, platformName: ANDROID}
Session ID: ca8db7d6-f729-4432-8120-04640950a10b]]>
            </message>
            <full-stacktrace>
              <![CDATA[org.openqa.selenium.UnsupportedCommandException: The requested resource could not be found, or a request was received using an HTTP method that is not supported by the mapped resource
Build info: version: '4.13.0', revision: 'ba948ece5b*'
System info: os.name: 'Windows 11', os.arch: 'amd64', os.version: '10.0', java.version: '21.0.8'
Driver info: io.appium.java_client.android.AndroidDriver
Command: [ca8db7d6-f729-4432-8120-04640950a10b, close {}]
Capabilities {appium:app: C:\Users\Akshay\eclipse-wor..., appium:appActivity: com.androidsample.generalst..., appium:appPackage: com.androidsample.generalstore, appium:automationName: UiAutomator2, appium:databaseEnabled: false, appium:desired: {app: C:\Users\Akshay\eclipse-wor..., appActivity: com.androidsample.generalst..., appPackage: com.androidsample.generalstore, automationName: UiAutomator2, deviceName: AkshayEmulator2, newCommandTimeout: 60, platformName: ANDROID}, appium:deviceApiLevel: 36, appium:deviceManufacturer: Google, appium:deviceModel: sdk_gphone64_x86_64, appium:deviceName: emulator-5554, appium:deviceScreenDensity: 420, appium:deviceScreenSize: 1080x2424, appium:deviceUDID: emulator-5554, appium:javascriptEnabled: true, appium:locationContextEnabled: false, appium:networkConnectionEnabled: true, appium:newCommandTimeout: 60, appium:pixelRatio: 2.625, appium:platformVersion: 16, appium:statBarHeight: 137, appium:takesScreenshot: true, appium:viewportRect: {height: 2287, left: 0, top: 137, width: 1080}, appium:warnings: {}, appium:webStorageEnabled: false, platformName: ANDROID}
Session ID: ca8db7d6-f729-4432-8120-04640950a10b
at java.base/jdk.internal.reflect.DirectConstructorHandleAccessor.newInstance(DirectConstructorHandleAccessor.java:62)
at java.base/java.lang.reflect.Constructor.newInstanceWithCaller(Constructor.java:502)
at java.base/java.lang.reflect.Constructor.newInstance(Constructor.java:486)
at org.openqa.selenium.remote.codec.w3c.W3CHttpResponseCodec.createException(W3CHttpResponseCodec.java:200)
at org.openqa.selenium.remote.codec.w3c.W3CHttpResponseCodec.decode(W3CHttpResponseCodec.java:133)
at org.openqa.selenium.remote.codec.w3c.W3CHttpResponseCodec.decode(W3CHttpResponseCodec.java:52)
at org.openqa.selenium.remote.HttpCommandExecutor.execute(HttpCommandExecutor.java:191)
at io.appium.java_client.remote.AppiumCommandExecutor.execute(AppiumCommandExecutor.java:250)
at org.openqa.selenium.remote.RemoteWebDriver.execute(RemoteWebDriver.java:602)
at org.openqa.selenium.remote.RemoteWebDriver.execute(RemoteWebDriver.java:675)
at io.appium.java_client.AppiumDriver.execute(AppiumDriver.java:313)
at org.openqa.selenium.remote.RemoteWebDriver.close(RemoteWebDriver.java:409)
at BasePage.BasePage.logResult(BasePage.java:117)
at java.base/jdk.internal.reflect.DirectMethodHandleAccessor.invoke(DirectMethodHandleAccessor.java:103)
at java.base/java.lang.reflect.Method.invoke(Method.java:580)
at org.testng.internal.invokers.MethodInvocationHelper.invokeMethod(MethodInvocationHelper.java:141)
at org.testng.internal.invokers.MethodInvocationHelper.invokeMethodConsideringTimeout(MethodInvocationHelper.java:71)
at org.testng.internal.invokers.ConfigInvoker.invokeConfigurationMethod(ConfigInvoker.java:400)
at org.testng.internal.invokers.ConfigInvoker.invokeConfigurations(ConfigInvoker.java:333)
at org.testng.internal.invokers.TestInvoker.runConfigMethods(TestInvoker.java:836)
at org.testng.internal.invokers.TestInvoker.runAfterConfigurations(TestInvoker.java:805)
at org.testng.internal.invokers.TestInvoker.invokeMethod(TestInvoker.java:781)
at org.testng.internal.invokers.TestInvoker.invokeTestMethod(TestInvoker.java:230)
at org.testng.internal.invokers.MethodRunner.runInSequence(MethodRunner.java:63)
at org.testng.internal.invokers.TestInvoker$MethodInvocationAgent.invoke(TestInvoker.java:995)
at org.testng.internal.invokers.TestInvoker.invokeTestMethods(TestInvoker.java:203)
at org.testng.internal.invokers.TestMethodWorker.invokeTestMethods(TestMethodWorker.java:154)
at org.testng.internal.invokers.TestMethodWorker.run(TestMethodWorker.java:134)
at java.base/java.util.ArrayList.forEach(ArrayList.java:1596)
at org.testng.TestRunner.privateRun(TestRunner.java:741)
at org.testng.TestRunner.run(TestRunner.java:616)
at org.testng.SuiteRunner.runTest(SuiteRunner.java:421)
at org.testng.SuiteRunner.runSequentially(SuiteRunner.java:413)
at org.testng.SuiteRunner.privateRun(SuiteRunner.java:373)
at org.testng.SuiteRunner.run(SuiteRunner.java:312)
at org.testng.SuiteRunnerWorker.runSuite(SuiteRunnerWorker.java:52)
at org.testng.SuiteRunnerWorker.run(SuiteRunnerWorker.java:95)
at org.testng.TestNG.runSuitesSequentially(TestNG.java:1274)
at org.testng.TestNG.runSuitesLocally(TestNG.java:1208)
at org.testng.TestNG.runSuites(TestNG.java:1112)
at org.testng.TestNG.run(TestNG.java:1079)
at org.testng.remote.AbstractRemoteTestNG.run(AbstractRemoteTestNG.java:115)
at org.testng.remote.RemoteTestNG.initAndRun(RemoteTestNG.java:293)
at org.testng.remote.RemoteTestNG.main(RemoteTestNG.java:91)
]]>
            </full-stacktrace>
          </exception> <!-- org.openqa.selenium.UnsupportedCommandException -->
          <reporter-output>
          </reporter-output>
        </test-method> <!-- logResult -->
        <test-method is-config="true" signature="CloseTheBrowser()[pri:0, instance:TestPackage.HomePageTestCases@561b6512]" started-at="2025-11-27T18:25:17 IST" name="CloseTheBrowser" finished-at="2025-11-27T18:25:19 IST" duration-ms="2528" status="PASS">
          <reporter-output>
          </reporter-output>
        </test-method> <!-- CloseTheBrowser -->
      </class> <!-- TestPackage.HomePageTestCases -->
    </test> <!-- Default test -->
  </suite> <!-- Default suite -->
</testng-results>
