<?xml version="1.0" encoding="UTF-8"?>
<!-- Generated by org.testng.reporters.JUnitXMLReporter -->
<testsuite ignored="29" hostname="DESKTOP-BUAMJ51" failures="0" tests="1" name="Default test" time="0.082" errors="0" timestamp="2026-01-30T15:19:52 IST">
  <testcase classname="coding.coding" name="PrintDuplicateStringsFromArray" time="0.018"/>
  <testcase classname="coding.coding" name="checkPalindromeString" time="0.0">
    <ignored/>
  </testcase> <!-- checkPalindromeString -->
  <testcase classname="coding.coding" name="replaceCharactersInString" time="0.0">
    <ignored/>
  </testcase> <!-- replaceCharactersInString -->
  <testcase classname="coding.coding" name="countingRepeatingCharactersInString" time="0.0">
    <ignored/>
  </testcase> <!-- countingRepeatingCharactersInString -->
  <testcase classname="coding.coding" name="alphabetsAscendingOrderInString" time="0.0">
    <ignored/>
  </testcase> <!-- alphabetsAscendingOrderInString -->
  <testcase classname="coding.coding" name="CountingVowelsInString" time="0.0">
    <ignored/>
  </testcase> <!-- CountingVowelsInString -->
  <testcase classname="coding.coding" name="alphabetsAscendingOrderInStringWithOutSort" time="0.0">
    <ignored/>
  </testcase> <!-- alphabetsAscendingOrderInStringWithOutSort -->
  <testcase classname="coding.coding" name="evenOrOddNumber" time="0.0">
    <ignored/>
  </testcase> <!-- evenOrOddNumber -->
  <testcase classname="coding.coding" name="removeDuplicatesWithoutSet" time="0.0">
    <ignored/>
  </testcase> <!-- removeDuplicatesWithoutSet -->
  <testcase classname="coding.coding" name="findLargestNumberInArray" time="0.0">
    <ignored/>
  </testcase> <!-- findLargestNumberInArray -->
  <testcase classname="coding.coding" name="stringsAscendingOrderWithoutSort" time="0.0">
    <ignored/>
  </testcase> <!-- stringsAscendingOrderWithoutSort -->
  <testcase classname="coding.coding" name="findLongestWordInSentence" time="0.0">
    <ignored/>
  </testcase> <!-- findLongestWordInSentence -->
  <testcase classname="coding.coding" name="countingAllCharactersInString" time="0.0">
    <ignored/>
  </testcase> <!-- countingAllCharactersInString -->
  <testcase classname="coding.coding" name="removeSpacesFromString" time="0.0">
    <ignored/>
  </testcase> <!-- removeSpacesFromString -->
  <testcase classname="coding.coding" name="fibonacciSeries" time="0.0">
    <ignored/>
  </testcase> <!-- fibonacciSeries -->
  <testcase classname="coding.coding" name="factorialOfGivenNumber" time="0.0">
    <ignored/>
  </testcase> <!-- factorialOfGivenNumber -->
  <testcase classname="coding.coding" name="sortingArrayMaxToMin" time="0.0">
    <ignored/>
  </testcase> <!-- sortingArrayMaxToMin -->
  <testcase classname="coding.coding" name="removeDuplicatesFromString" time="0.0">
    <ignored/>
  </testcase> <!-- removeDuplicatesFromString -->
  <testcase classname="coding.coding" name="eliminatingExtraSpaces" time="0.0">
    <ignored/>
  </testcase> <!-- eliminatingExtraSpaces -->
  <testcase classname="coding.coding" name="primeNumber" time="0.0">
    <ignored/>
  </testcase> <!-- primeNumber -->
  <testcase classname="coding.coding" name="stringsAscendingOrder" time="0.0">
    <ignored/>
  </testcase> <!-- stringsAscendingOrder -->
  <testcase classname="coding.coding" name="polindromeNumber" time="0.0">
    <ignored/>
  </testcase> <!-- polindromeNumber -->
  <testcase classname="coding.coding" name="convertionOfUpperCaseAndKLowerCase" time="0.0">
    <ignored/>
  </testcase> <!-- convertionOfUpperCaseAndKLowerCase -->
  <testcase classname="coding.coding" name="removeVowelsFromStrings" time="0.0">
    <ignored/>
  </testcase> <!-- removeVowelsFromStrings -->
  <testcase classname="coding.coding" name="removeVowelsFromString" time="0.0">
    <ignored/>
  </testcase> <!-- removeVowelsFromString -->
  <testcase classname="coding.coding" name="removeDuplicatesFromArray" time="0.0">
    <ignored/>
  </testcase> <!-- removeDuplicatesFromArray -->
  <testcase classname="coding.coding" name="sortingArrayMinToMax" time="0.0">
    <ignored/>
  </testcase> <!-- sortingArrayMinToMax -->
  <testcase classname="coding.coding" name="reverseString" time="0.0">
    <ignored/>
  </testcase> <!-- reverseString -->
  <testcase classname="coding.coding" name="reverseEachStringInSentence" time="0.0">
    <ignored/>
  </testcase> <!-- reverseEachStringInSentence -->
  <testcase classname="coding.coding" name="countingStringsInSentence" time="0.0">
    <ignored/>
  </testcase> <!-- countingStringsInSentence -->
</testsuite> <!-- Default test -->
