<?xml version="1.0" encoding="UTF-8"?>
<testng-results ignored="0" total="1" passed="1" failed="0" skipped="0">
  <reporter-output>
  </reporter-output>
  <suite started-at="2025-11-14T18:10:04 IST" name="Default suite" finished-at="2025-11-14T18:10:04 IST" duration-ms="60">
    <groups>
    </groups>
    <test started-at="2025-11-14T18:10:04 IST" name="Default test" finished-at="2025-11-14T18:10:04 IST" duration-ms="60">
      <class name="Coding_Problems">
        <test-method signature="primeNumber()[pri:0, instance:Coding_Problems@368f2016]" started-at="2025-11-14T18:10:04 IST" name="primeNumber" finished-at="2025-11-14T18:10:04 IST" duration-ms="10" status="PASS">
          <reporter-output>
          </reporter-output>
        </test-method> <!-- primeNumber -->
      </class> <!-- Coding_Problems -->
    </test> <!-- Default test -->
  </suite> <!-- Default suite -->
</testng-results>
