<?xml version="1.0" encoding="UTF-8"?>
<!-- Generated by org.testng.reporters.JUnitXMLReporter -->
<testsuite hostname="HIPUNL71802" name="Default test" tests="9" failures="0" timestamp="29 Jun 2020 12:29:25 GMT" time="39.897" errors="0">
  <testcase name="verify_user_is_able_to_navigate_to_Top_Deals_page" time="3.65" classname="greenKartTestCases.FlightBookingTest"/>
  <testcase name="verify_user_is_able_to_select_from_to_details_for_one_wat_trip" time="2.681" classname="greenKartTestCases.FlightBookingTest"/>
  <testcase name="verify_user_is_able_to_select_passanger_details" time="4.063" classname="greenKartTestCases.FlightBookingTest"/>
  <testcase name="verify_popup_is_displayed_if_passanger_limit_exceed" time="4.435" classname="greenKartTestCases.FlightBookingTest"/>
  <testcase name="verify_user_is_able_to_select_currency" time="1.795" classname="greenKartTestCases.FlightBookingTest"/>
  <testcase name="verify_user_is_able_to_select_checkbox" time="1.454" classname="greenKartTestCases.FlightBookingTest"/>
  <testcase name="verify_tooltip_for_student" time="0.131" classname="greenKartTestCases.FlightBookingTest"/>
  <testcase name="verify_special_assistance_popup" time="0.811" classname="greenKartTestCases.FlightBookingTest"/>
  <testcase name="verify_multicity_popup" time="5.585" classname="greenKartTestCases.FlightBookingTest"/>
</testsuite> <!-- Default test -->
