<?xml version="1.0" encoding="UTF-8"?>
<!-- Generated by org.testng.reporters.JUnitXMLReporter -->
<testsuite ignored="3" hostname="DESKTOP-BUAMJ51" failures="0" tests="1" name="Default test" time="6.391" errors="0" timestamp="2025-11-14T15:48:32 IST">
  <testcase classname="TestPackage.HomePageTestCases" name="verifyUserIsAbleToSelectOnlyOneGenderOption" time="6.331"/>
  <testcase classname="TestPackage.HomePageTestCases" name="verifyUserIsAbleToSelectGenderFemaleOption" time="0.0">
    <ignored/>
  </testcase> <!-- verifyUserIsAbleToSelectGenderFemaleOption -->
  <testcase classname="TestPackage.HomePageTestCases" name="verifyUserCannotProceedWithoutEnteringName" time="0.0">
    <ignored/>
  </testcase> <!-- verifyUserCannotProceedWithoutEnteringName -->
  <testcase classname="TestPackage.HomePageTestCases" name="verifyUserCanSelectCountryAndStartShopping" time="0.0">
    <ignored/>
  </testcase> <!-- verifyUserCanSelectCountryAndStartShopping -->
</testsuite> <!-- Default test -->
