<?xml version="1.0" encoding="UTF-8"?>
<!-- Generated by org.testng.reporters.JUnitXMLReporter -->
<testsuite ignored="5" hostname="DESKTOP-BUAMJ51" failures="0" tests="1" name="Default test" time="29.524" errors="0" timestamp="2025-12-01T22:39:35 IST">
  <testcase classname="TestPackage.HomePageTestCases" name="verifyUserCanSelectCountryAndStartShopping" time="27.616"/>
  <testcase classname="TestPackage.HomePageTestCases" name="verifyUserIsAbleToSelectGenderFemaleOption" time="0.0">
    <ignored/>
  </testcase> <!-- verifyUserIsAbleToSelectGenderFemaleOption -->
  <testcase classname="TestPackage.HomePageTestCases" name="verifyUserIsAbleToSelectOnlyOneGenderOption" time="0.0">
    <ignored/>
  </testcase> <!-- verifyUserIsAbleToSelectOnlyOneGenderOption -->
  <testcase classname="TestPackage.HomePageTestCases" name="verifyUserIsAbleToSelectCountryDropdown" time="0.0">
    <ignored/>
  </testcase> <!-- verifyUserIsAbleToSelectCountryDropdown -->
  <testcase classname="TestPackage.HomePageTestCases" name="verifyUserCannotProceedWithoutEnteringName" time="0.0">
    <ignored/>
  </testcase> <!-- verifyUserCannotProceedWithoutEnteringName -->
  <testcase classname="TestPackage.HomePageTestCases" name="verifyUserIsAbleToEnterName" time="0.0">
    <ignored/>
  </testcase> <!-- verifyUserIsAbleToEnterName -->
</testsuite> <!-- Default test -->
