<?xml version="1.0" encoding="UTF-8"?>
<testng-results ignored="3" total="4" passed="1" failed="0" skipped="0">
  <reporter-output>
  </reporter-output>
  <suite started-at="2025-11-13T22:05:17 IST" name="Default suite" finished-at="2025-11-13T22:05:23 IST" duration-ms="6136">
    <groups>
    </groups>
    <test started-at="2025-11-13T22:05:17 IST" name="Default test" finished-at="2025-11-13T22:05:23 IST" duration-ms="6136">
      <class name="TestPages.ProceedPageTestCases">
        <test-method is-config="true" signature="setUpExtentReport()[pri:0, instance:TestPages.ProceedPageTestCases@2f05be7f]" started-at="2025-11-13T22:05:16 IST" name="setUpExtentReport" finished-at="2025-11-13T22:05:17 IST" duration-ms="888" status="PASS">
          <reporter-output>
          </reporter-output>
        </test-method> <!-- setUpExtentReport -->
        <test-method is-config="true" signature="createTestForExtentReport(java.lang.reflect.Method)[pri:0, instance:TestPages.ProceedPageTestCases@2f05be7f]" started-at="2025-11-13T22:05:17 IST" name="createTestForExtentReport" finished-at="2025-11-13T22:05:20 IST" duration-ms="2896" status="PASS">
          <params>
            <param index="0">
              <value>
                <![CDATA[public void TestPages.ProceedPageTestCases.VerifyUserIsAbleToAcceptTermsAndConditions(java.lang.reflect.Method)]]>
              </value>
            </param>
          </params>
          <reporter-output>
          </reporter-output>
        </test-method> <!-- createTestForExtentReport -->
        <test-method signature="VerifyUserIsAbleToAcceptTermsAndConditions(java.lang.reflect.Method)[pri:0, instance:TestPages.ProceedPageTestCases@2f05be7f]" started-at="2025-11-13T22:05:20 IST" name="VerifyUserIsAbleToAcceptTermsAndConditions" finished-at="2025-11-13T22:05:23 IST" duration-ms="2974" status="PASS">
          <params>
            <param index="0">
              <value>
                <![CDATA[public void TestPages.ProceedPageTestCases.VerifyUserIsAbleToAcceptTermsAndConditions(java.lang.reflect.Method)]]>
              </value>
            </param>
          </params>
          <reporter-output>
          </reporter-output>
        </test-method> <!-- VerifyUserIsAbleToAcceptTermsAndConditions -->
        <test-method is-config="true" signature="logResult(org.testng.ITestResult)[pri:0, instance:TestPages.ProceedPageTestCases@2f05be7f]" started-at="2025-11-13T22:05:23 IST" name="logResult" finished-at="2025-11-13T22:05:23 IST" duration-ms="152" status="PASS">
          <params>
            <param index="0">
              <value>
                <![CDATA[[TestResult name=VerifyUserIsAbleToAcceptTermsAndConditions status=SUCCESS method=ProceedPageTestCases.VerifyUserIsAbleToAcceptTermsAndConditions(java.lang.reflect.Method)[pri:0, instance:TestPages.ProceedPageTestCases@2f05be7f] output={null}]]]>
              </value>
            </param>
          </params>
          <reporter-output>
          </reporter-output>
        </test-method> <!-- logResult -->
        <test-method is-config="true" signature="CloseTheBrowser()[pri:0, instance:TestPages.ProceedPageTestCases@2f05be7f]" started-at="2025-11-13T22:05:23 IST" name="CloseTheBrowser" finished-at="2025-11-13T22:05:23 IST" duration-ms="247" status="PASS">
          <reporter-output>
          </reporter-output>
        </test-method> <!-- CloseTheBrowser -->
      </class> <!-- TestPages.ProceedPageTestCases -->
    </test> <!-- Default test -->
  </suite> <!-- Default suite -->
</testng-results>
