<?xml version="1.0" encoding="UTF-8"?>
<!-- Generated by org.testng.reporters.JUnitReportReporter -->
<testsuite hostname="DESKTOP-BUAMJ51" failures="0" tests="7" name="TestRunners.TestRunner" time="0.180" errors="7" timestamp="2026-01-11T19:34:58 IST" skipped="0">
  <testcase classname="TestRunners.TestRunner" name="runScenario" time="0.004">
    <error message="Driver must be set" type="java.lang.IllegalArgumentException">
      <![CDATA[java.lang.IllegalArgumentException: Driver must be set
at org.openqa.selenium.internal.Require.nonNull(Require.java:64)
at org.openqa.selenium.interactions.Actions.<init>(Actions.java:67)
at org.openqa.selenium.interactions.Actions.<init>(Actions.java:63)
at utilities.ActionsUtilitiy.<init>(ActionsUtilitiy.java:23)
at pageObjects.HomePageMethods.<init>(HomePageMethods.java:20)
at pageObjects.HomePageMethods.getHomePageObject(HomePageMethods.java:27)
at StepDefinitions.HomePageStepDefinitions.user_is_on_home_page(HomePageStepDefinitions.java:27)
at ✽.user is on the home page(file:///C:/Users/Akshay/eclipse-workspace/GreenKart1_Selenium_Java_Cucumber/src/test/resources/FeatureFiles/home.feature:8)
]]>
    </error>
  </testcase> <!-- runScenario -->
  <testcase classname="TestRunners.TestRunner" name="runScenario" time="0.008">
    <error message="Driver must be set" type="java.lang.IllegalArgumentException">
      <![CDATA[java.lang.IllegalArgumentException: Driver must be set
at org.openqa.selenium.internal.Require.nonNull(Require.java:64)
at org.openqa.selenium.interactions.Actions.<init>(Actions.java:67)
at org.openqa.selenium.interactions.Actions.<init>(Actions.java:63)
at utilities.ActionsUtilitiy.<init>(ActionsUtilitiy.java:23)
at pageObjects.HomePageMethods.<init>(HomePageMethods.java:20)
at pageObjects.HomePageMethods.getHomePageObject(HomePageMethods.java:27)
at StepDefinitions.HomePageStepDefinitions.user_is_on_home_page(HomePageStepDefinitions.java:27)
at ✽.user is on the home page(file:///C:/Users/Akshay/eclipse-workspace/GreenKart1_Selenium_Java_Cucumber/src/test/resources/FeatureFiles/home.feature:8)
]]>
    </error>
  </testcase> <!-- runScenario -->
  <testcase classname="TestRunners.TestRunner" name="runScenario" time="0.006">
    <error message="Driver must be set" type="java.lang.IllegalArgumentException">
      <![CDATA[java.lang.IllegalArgumentException: Driver must be set
at org.openqa.selenium.internal.Require.nonNull(Require.java:64)
at org.openqa.selenium.interactions.Actions.<init>(Actions.java:67)
at org.openqa.selenium.interactions.Actions.<init>(Actions.java:63)
at utilities.ActionsUtilitiy.<init>(ActionsUtilitiy.java:23)
at pageObjects.HomePageMethods.<init>(HomePageMethods.java:20)
at pageObjects.HomePageMethods.getHomePageObject(HomePageMethods.java:27)
at StepDefinitions.HomePageStepDefinitions.user_is_on_home_page(HomePageStepDefinitions.java:27)
at ✽.user is on the home page(file:///C:/Users/Akshay/eclipse-workspace/GreenKart1_Selenium_Java_Cucumber/src/test/resources/FeatureFiles/home.feature:8)
]]>
    </error>
  </testcase> <!-- runScenario -->
  <testcase classname="TestRunners.TestRunner" name="runScenario" time="0.046">
    <error message="Driver must be set" type="java.lang.IllegalArgumentException">
      <![CDATA[java.lang.IllegalArgumentException: Driver must be set
at org.openqa.selenium.internal.Require.nonNull(Require.java:64)
at org.openqa.selenium.interactions.Actions.<init>(Actions.java:67)
at org.openqa.selenium.interactions.Actions.<init>(Actions.java:63)
at utilities.ActionsUtilitiy.<init>(ActionsUtilitiy.java:23)
at pageObjects.HomePageMethods.<init>(HomePageMethods.java:20)
at pageObjects.HomePageMethods.getHomePageObject(HomePageMethods.java:27)
at StepDefinitions.HomePageStepDefinitions.user_is_on_home_page(HomePageStepDefinitions.java:27)
at ✽.user is on the home page(file:///C:/Users/Akshay/eclipse-workspace/GreenKart1_Selenium_Java_Cucumber/src/test/resources/FeatureFiles/home.feature:8)
]]>
    </error>
  </testcase> <!-- runScenario -->
  <testcase classname="TestRunners.TestRunner" name="runScenario" time="0.005">
    <error message="Driver must be set" type="java.lang.IllegalArgumentException">
      <![CDATA[java.lang.IllegalArgumentException: Driver must be set
at org.openqa.selenium.internal.Require.nonNull(Require.java:64)
at org.openqa.selenium.interactions.Actions.<init>(Actions.java:67)
at org.openqa.selenium.interactions.Actions.<init>(Actions.java:63)
at utilities.ActionsUtilitiy.<init>(ActionsUtilitiy.java:23)
at pageObjects.HomePageMethods.<init>(HomePageMethods.java:20)
at pageObjects.HomePageMethods.getHomePageObject(HomePageMethods.java:27)
at StepDefinitions.HomePageStepDefinitions.user_is_on_home_page(HomePageStepDefinitions.java:27)
at ✽.user is on the home page(file:///C:/Users/Akshay/eclipse-workspace/GreenKart1_Selenium_Java_Cucumber/src/test/resources/FeatureFiles/home.feature:8)
]]>
    </error>
  </testcase> <!-- runScenario -->
  <testcase classname="TestRunners.TestRunner" name="runScenario" time="0.007">
    <error message="Driver must be set" type="java.lang.IllegalArgumentException">
      <![CDATA[java.lang.IllegalArgumentException: Driver must be set
at org.openqa.selenium.internal.Require.nonNull(Require.java:64)
at org.openqa.selenium.interactions.Actions.<init>(Actions.java:67)
at org.openqa.selenium.interactions.Actions.<init>(Actions.java:63)
at utilities.ActionsUtilitiy.<init>(ActionsUtilitiy.java:23)
at pageObjects.HomePageMethods.<init>(HomePageMethods.java:20)
at pageObjects.HomePageMethods.getHomePageObject(HomePageMethods.java:27)
at StepDefinitions.HomePageStepDefinitions.user_is_on_home_page(HomePageStepDefinitions.java:27)
at ✽.user is on the home page(file:///C:/Users/Akshay/eclipse-workspace/GreenKart1_Selenium_Java_Cucumber/src/test/resources/FeatureFiles/home.feature:8)
]]>
    </error>
  </testcase> <!-- runScenario -->
  <testcase classname="TestRunners.TestRunner" name="runScenario" time="0.104">
    <error message="Driver must be set" type="java.lang.IllegalArgumentException">
      <![CDATA[java.lang.IllegalArgumentException: Driver must be set
at org.openqa.selenium.internal.Require.nonNull(Require.java:64)
at org.openqa.selenium.interactions.Actions.<init>(Actions.java:67)
at org.openqa.selenium.interactions.Actions.<init>(Actions.java:63)
at utilities.ActionsUtilitiy.<init>(ActionsUtilitiy.java:23)
at pageObjects.HomePageMethods.<init>(HomePageMethods.java:20)
at pageObjects.HomePageMethods.getHomePageObject(HomePageMethods.java:27)
at StepDefinitions.HomePageStepDefinitions.user_is_on_home_page(HomePageStepDefinitions.java:27)
at ✽.user is on the home page(file:///C:/Users/Akshay/eclipse-workspace/GreenKart1_Selenium_Java_Cucumber/src/test/resources/FeatureFiles/home.feature:8)
]]>
    </error>
  </testcase> <!-- runScenario -->
</testsuite> <!-- TestRunners.TestRunner -->
