<?xml version="1.0" encoding="UTF-8"?>
<!-- Generated by org.testng.reporters.JUnitReportReporter -->
<testsuite hostname="DESKTOP-BUAMJ51" failures="0" tests="2" name="TestPages.HomePageTestCases" time="15.458" errors="0" timestamp="2026-02-08T15:48:05 IST" skipped="0">
  <testcase classname="TestPages.HomePageTestCases" name="verifyItemNumberIsNotIncreasingWhileAddingSameItem" time="9.737"/>
  <testcase classname="TestPages.HomePageTestCases" name="verifyUserIsNotAbleToDecreaseDefaultQuantityInQuantityBox" time="5.721"/>
</testsuite> <!-- TestPages.HomePageTestCases -->
