<?xml version="1.0" encoding="UTF-8"?>
<!-- Generated by org.testng.reporters.JUnitReportReporter -->
<testsuite hostname="DESKTOP-BUAMJ51" failures="0" tests="3" name="TestPages.HomePageTestCases" time="18.875" errors="0" timestamp="2026-01-17T12:43:41 IST" skipped="0">
  <testcase classname="TestPages.HomePageTestCases" name="verifyItemNumberIsNotIncreasingWhileAddingSameItem" time="8.337"/>
  <testcase classname="TestPages.HomePageTestCases" name="verifyUserIsAbleToIncreaseCartPrice" time="4.811"/>
  <testcase classname="TestPages.HomePageTestCases" name="verifyUserIsNotAbleToDecreaseDefaultQuantityInQuantityBox" time="5.727"/>
</testsuite> <!-- TestPages.HomePageTestCases -->
