<?xml version="1.0" encoding="UTF-8"?>
<!-- Generated by org.testng.reporters.JUnitReportReporter -->
<testsuite hostname="DESKTOP-BUAMJ51" failures="0" tests="3" name="TestPackage.HomePageTestCases" time="14.920" errors="0" timestamp="2025-10-27T16:37:29 IST" skipped="0">
  <testcase classname="TestPackage.HomePageTestCases" name="verifyUserIsAbleToSearchItemsWithValidData" time="6.245"/>
  <testcase classname="TestPackage.HomePageTestCases" name="verifyUserIsAbleToSearchItemsWithValidData" time="6.432"/>
  <testcase classname="TestPackage.HomePageTestCases" name="verifyUserIsAbleToSearchItemsWithValidData" time="2.243"/>
</testsuite> <!-- TestPackage.HomePageTestCases -->
