<?xml version="1.0" encoding="UTF-8"?>
<!-- Generated by org.testng.reporters.JUnitXMLReporter -->
<testsuite ignored="0" hostname="DESKTOP-RS2QM8U" failures="0" tests="2" name="Test" time="2.26" errors="0" timestamp="2025-05-13T00:44:44 IST">
  <testcase classname="TestPackage.HomePageTestCases" name="verifyUserIsAbleToSearchAllProductsWithIphoneBrandWithDescription" time="0.011"/>
  <testcase classname="TestPackage.HomePageTestCases" name="verifyUserIsAbleToSearchItemWithValidData" time="0.002"/>
</testsuite> <!-- Test -->
