<html>
<head>
<title>TestNG:  Default test</title>
<link href="../testng.css" rel="stylesheet" type="text/css" />
<link href="../my-testng.css" rel="stylesheet" type="text/css" />

<style type="text/css">
.log { display: none;} 
.stack-trace { display: none;} 
</style>
<script type="text/javascript">
<!--
function flip(e) {
  current = e.style.display;
  if (current == 'block') {
    e.style.display = 'none';
    return 0;
  }
  else {
    e.style.display = 'block';
    return 1;
  }
}

function toggleBox(szDivId, elem, msg1, msg2)
{
  var res = -1;  if (document.getElementById) {
    res = flip(document.getElementById(szDivId));
  }
  else if (document.all) {
    // this is the way old msie versions work
    res = flip(document.all[szDivId]);
  }
  if(elem) {
    if(res == 0) elem.innerHTML = msg1; else elem.innerHTML = msg2;
  }

}

function toggleAllBoxes() {
  if (document.getElementsByTagName) {
    d = document.getElementsByTagName('div');
    for (i = 0; i < d.length; i++) {
      if (d[i].className == 'log') {
        flip(d[i]);
      }
    }
  }
}

// -->
</script>

</head>
<body>
<h2 align='center'>Default test</h2><table border='1' align="center">
<tr>
<td>Tests passed/Failed/Skipped:</td><td>0/7/0</td>
</tr><tr>
<td>Started on:</td><td>Sun Jan 11 19:34:57 IST 2026</td>
</tr>
<tr><td>Total time:</td><td>0 seconds (722 ms)</td>
</tr><tr>
<td>Included groups:</td><td></td>
</tr><tr>
<td>Excluded groups:</td><td></td>
</tr>
</table><p/>
<small><i>(Hover the method name to see the test class name)</i></small><p/>
<table width='100%' border='1' class='invocation-failed'>
<tr><td colspan='4' align='center'><b>FAILED TESTS</b></td></tr>
<tr><td><b>Test method</b></td>
<td><b>Attribute(s)</b></td>
<td width="30%"><b>Exception</b></td>
<td width="10%"><b>Time (seconds)</b></td>
<td><b>Instance</b></td>
</tr>
<tr>
<td title='TestRunners.TestRunner.runScenario()'><b>runScenario</b><br>Test class: TestRunners.TestRunner<br>Test method: Runs Cucumber Scenarios<br>Parameters: "Item count should not increase when adding same product twice", "Home Page Functionality"</td>
<td><div><pre>java.lang.IllegalArgumentException: Driver must be set
	at org.openqa.selenium.internal.Require.nonNull(Require.java:64)
	at org.openqa.selenium.interactions.Actions.&lt;init&gt;(Actions.java:67)
	at org.openqa.selenium.interactions.Actions.&lt;init&gt;(Actions.java:63)
	at utilities.ActionsUtilitiy.&lt;init&gt;(ActionsUtilitiy.java:23)
	at pageObjects.HomePageMethods.&lt;init&gt;(HomePageMethods.java:20)
	at pageObjects.HomePageMethods.getHomePageObject(HomePageMethods.java:27)
	at StepDefinitions.HomePageStepDefinitions.user_is_on_home_page(HomePageStepDefinitions.java:27)
	at ✽.user is on the home page(file:///C:/Users/Akshay/eclipse-workspace/GreenKart1_Selenium_Java_Cucumber/src/test/resources/FeatureFiles/home.feature:8)
</pre></div><a href='#' onClick='toggleBox("stack-trace1006624255", this, "Click to show all stack frames", "Click to hide stack frames")'>Click to show all stack frames</a>
<div class='stack-trace' id='stack-trace1006624255'><pre>java.lang.IllegalArgumentException: Driver must be set
	at org.openqa.selenium.internal.Require.nonNull(Require.java:64)
	at org.openqa.selenium.interactions.Actions.&lt;init&gt;(Actions.java:67)
	at org.openqa.selenium.interactions.Actions.&lt;init&gt;(Actions.java:63)
	at utilities.ActionsUtilitiy.&lt;init&gt;(ActionsUtilitiy.java:23)
	at pageObjects.HomePageMethods.&lt;init&gt;(HomePageMethods.java:20)
	at pageObjects.HomePageMethods.getHomePageObject(HomePageMethods.java:27)
	at StepDefinitions.HomePageStepDefinitions.user_is_on_home_page(HomePageStepDefinitions.java:27)
	at ✽.user is on the home page(file:///C:/Users/Akshay/eclipse-workspace/GreenKart1_Selenium_Java_Cucumber/src/test/resources/FeatureFiles/home.feature:8)
</pre></div></td>
<td>0</td>
<td>TestRunners.TestRunner@47eaca72</td></tr>
<tr>
<td title='TestRunners.TestRunner.runScenario()'><b>runScenario</b><br>Test class: TestRunners.TestRunner<br>Test method: Runs Cucumber Scenarios<br>Parameters: "Item count updates when adding different products", "Home Page Functionality"</td>
<td><div><pre>java.lang.IllegalArgumentException: Driver must be set
	at org.openqa.selenium.internal.Require.nonNull(Require.java:64)
	at org.openqa.selenium.interactions.Actions.&lt;init&gt;(Actions.java:67)
	at org.openqa.selenium.interactions.Actions.&lt;init&gt;(Actions.java:63)
	at utilities.ActionsUtilitiy.&lt;init&gt;(ActionsUtilitiy.java:23)
	at pageObjects.HomePageMethods.&lt;init&gt;(HomePageMethods.java:20)
	at pageObjects.HomePageMethods.getHomePageObject(HomePageMethods.java:27)
	at StepDefinitions.HomePageStepDefinitions.user_is_on_home_page(HomePageStepDefinitions.java:27)
	at ✽.user is on the home page(file:///C:/Users/Akshay/eclipse-workspace/GreenKart1_Selenium_Java_Cucumber/src/test/resources/FeatureFiles/home.feature:8)
</pre></div><a href='#' onClick='toggleBox("stack-trace1240843015", this, "Click to show all stack frames", "Click to hide stack frames")'>Click to show all stack frames</a>
<div class='stack-trace' id='stack-trace1240843015'><pre>java.lang.IllegalArgumentException: Driver must be set
	at org.openqa.selenium.internal.Require.nonNull(Require.java:64)
	at org.openqa.selenium.interactions.Actions.&lt;init&gt;(Actions.java:67)
	at org.openqa.selenium.interactions.Actions.&lt;init&gt;(Actions.java:63)
	at utilities.ActionsUtilitiy.&lt;init&gt;(ActionsUtilitiy.java:23)
	at pageObjects.HomePageMethods.&lt;init&gt;(HomePageMethods.java:20)
	at pageObjects.HomePageMethods.getHomePageObject(HomePageMethods.java:27)
	at StepDefinitions.HomePageStepDefinitions.user_is_on_home_page(HomePageStepDefinitions.java:27)
	at ✽.user is on the home page(file:///C:/Users/Akshay/eclipse-workspace/GreenKart1_Selenium_Java_Cucumber/src/test/resources/FeatureFiles/home.feature:8)
</pre></div></td>
<td>0</td>
<td>TestRunners.TestRunner@47eaca72</td></tr>
<tr>
<td title='TestRunners.TestRunner.runScenario()'><b>runScenario</b><br>Test class: TestRunners.TestRunner<br>Test method: Runs Cucumber Scenarios<br>Parameters: "Cart price increases after adding item", "Home Page Functionality"</td>
<td><div><pre>java.lang.IllegalArgumentException: Driver must be set
	at org.openqa.selenium.internal.Require.nonNull(Require.java:64)
	at org.openqa.selenium.interactions.Actions.&lt;init&gt;(Actions.java:67)
	at org.openqa.selenium.interactions.Actions.&lt;init&gt;(Actions.java:63)
	at utilities.ActionsUtilitiy.&lt;init&gt;(ActionsUtilitiy.java:23)
	at pageObjects.HomePageMethods.&lt;init&gt;(HomePageMethods.java:20)
	at pageObjects.HomePageMethods.getHomePageObject(HomePageMethods.java:27)
	at StepDefinitions.HomePageStepDefinitions.user_is_on_home_page(HomePageStepDefinitions.java:27)
	at ✽.user is on the home page(file:///C:/Users/Akshay/eclipse-workspace/GreenKart1_Selenium_Java_Cucumber/src/test/resources/FeatureFiles/home.feature:8)
</pre></div><a href='#' onClick='toggleBox("stack-trace1349025531", this, "Click to show all stack frames", "Click to hide stack frames")'>Click to show all stack frames</a>
<div class='stack-trace' id='stack-trace1349025531'><pre>java.lang.IllegalArgumentException: Driver must be set
	at org.openqa.selenium.internal.Require.nonNull(Require.java:64)
	at org.openqa.selenium.interactions.Actions.&lt;init&gt;(Actions.java:67)
	at org.openqa.selenium.interactions.Actions.&lt;init&gt;(Actions.java:63)
	at utilities.ActionsUtilitiy.&lt;init&gt;(ActionsUtilitiy.java:23)
	at pageObjects.HomePageMethods.&lt;init&gt;(HomePageMethods.java:20)
	at pageObjects.HomePageMethods.getHomePageObject(HomePageMethods.java:27)
	at StepDefinitions.HomePageStepDefinitions.user_is_on_home_page(HomePageStepDefinitions.java:27)
	at ✽.user is on the home page(file:///C:/Users/Akshay/eclipse-workspace/GreenKart1_Selenium_Java_Cucumber/src/test/resources/FeatureFiles/home.feature:8)
</pre></div></td>
<td>0</td>
<td>TestRunners.TestRunner@47eaca72</td></tr>
<tr>
<td title='TestRunners.TestRunner.runScenario()'><b>runScenario</b><br>Test class: TestRunners.TestRunner<br>Test method: Runs Cucumber Scenarios<br>Parameters: "Default quantity should not decrease below one", "Home Page Functionality"</td>
<td><div><pre>java.lang.IllegalArgumentException: Driver must be set
	at org.openqa.selenium.internal.Require.nonNull(Require.java:64)
	at org.openqa.selenium.interactions.Actions.&lt;init&gt;(Actions.java:67)
	at org.openqa.selenium.interactions.Actions.&lt;init&gt;(Actions.java:63)
	at utilities.ActionsUtilitiy.&lt;init&gt;(ActionsUtilitiy.java:23)
	at pageObjects.HomePageMethods.&lt;init&gt;(HomePageMethods.java:20)
	at pageObjects.HomePageMethods.getHomePageObject(HomePageMethods.java:27)
	at StepDefinitions.HomePageStepDefinitions.user_is_on_home_page(HomePageStepDefinitions.java:27)
	at ✽.user is on the home page(file:///C:/Users/Akshay/eclipse-workspace/GreenKart1_Selenium_Java_Cucumber/src/test/resources/FeatureFiles/home.feature:8)
</pre></div><a href='#' onClick='toggleBox("stack-trace743219449", this, "Click to show all stack frames", "Click to hide stack frames")'>Click to show all stack frames</a>
<div class='stack-trace' id='stack-trace743219449'><pre>java.lang.IllegalArgumentException: Driver must be set
	at org.openqa.selenium.internal.Require.nonNull(Require.java:64)
	at org.openqa.selenium.interactions.Actions.&lt;init&gt;(Actions.java:67)
	at org.openqa.selenium.interactions.Actions.&lt;init&gt;(Actions.java:63)
	at utilities.ActionsUtilitiy.&lt;init&gt;(ActionsUtilitiy.java:23)
	at pageObjects.HomePageMethods.&lt;init&gt;(HomePageMethods.java:20)
	at pageObjects.HomePageMethods.getHomePageObject(HomePageMethods.java:27)
	at StepDefinitions.HomePageStepDefinitions.user_is_on_home_page(HomePageStepDefinitions.java:27)
	at ✽.user is on the home page(file:///C:/Users/Akshay/eclipse-workspace/GreenKart1_Selenium_Java_Cucumber/src/test/resources/FeatureFiles/home.feature:8)
</pre></div></td>
<td>0</td>
<td>TestRunners.TestRunner@47eaca72</td></tr>
<tr>
<td title='TestRunners.TestRunner.runScenario()'><b>runScenario</b><br>Test class: TestRunners.TestRunner<br>Test method: Runs Cucumber Scenarios<br>Parameters: "User can search product successfully", "Home Page Functionality"</td>
<td><div><pre>java.lang.IllegalArgumentException: Driver must be set
	at org.openqa.selenium.internal.Require.nonNull(Require.java:64)
	at org.openqa.selenium.interactions.Actions.&lt;init&gt;(Actions.java:67)
	at org.openqa.selenium.interactions.Actions.&lt;init&gt;(Actions.java:63)
	at utilities.ActionsUtilitiy.&lt;init&gt;(ActionsUtilitiy.java:23)
	at pageObjects.HomePageMethods.&lt;init&gt;(HomePageMethods.java:20)
	at pageObjects.HomePageMethods.getHomePageObject(HomePageMethods.java:27)
	at StepDefinitions.HomePageStepDefinitions.user_is_on_home_page(HomePageStepDefinitions.java:27)
	at ✽.user is on the home page(file:///C:/Users/Akshay/eclipse-workspace/GreenKart1_Selenium_Java_Cucumber/src/test/resources/FeatureFiles/home.feature:8)
</pre></div><a href='#' onClick='toggleBox("stack-trace2113243119", this, "Click to show all stack frames", "Click to hide stack frames")'>Click to show all stack frames</a>
<div class='stack-trace' id='stack-trace2113243119'><pre>java.lang.IllegalArgumentException: Driver must be set
	at org.openqa.selenium.internal.Require.nonNull(Require.java:64)
	at org.openqa.selenium.interactions.Actions.&lt;init&gt;(Actions.java:67)
	at org.openqa.selenium.interactions.Actions.&lt;init&gt;(Actions.java:63)
	at utilities.ActionsUtilitiy.&lt;init&gt;(ActionsUtilitiy.java:23)
	at pageObjects.HomePageMethods.&lt;init&gt;(HomePageMethods.java:20)
	at pageObjects.HomePageMethods.getHomePageObject(HomePageMethods.java:27)
	at StepDefinitions.HomePageStepDefinitions.user_is_on_home_page(HomePageStepDefinitions.java:27)
	at ✽.user is on the home page(file:///C:/Users/Akshay/eclipse-workspace/GreenKart1_Selenium_Java_Cucumber/src/test/resources/FeatureFiles/home.feature:8)
</pre></div></td>
<td>0</td>
<td>TestRunners.TestRunner@47eaca72</td></tr>
<tr>
<td title='TestRunners.TestRunner.runScenario()'><b>runScenario</b><br>Test class: TestRunners.TestRunner<br>Test method: Runs Cucumber Scenarios<br>Parameters: "Item count increases when adding multiple products", "Home Page Functionality"</td>
<td><div><pre>java.lang.IllegalArgumentException: Driver must be set
	at org.openqa.selenium.internal.Require.nonNull(Require.java:64)
	at org.openqa.selenium.interactions.Actions.&lt;init&gt;(Actions.java:67)
	at org.openqa.selenium.interactions.Actions.&lt;init&gt;(Actions.java:63)
	at utilities.ActionsUtilitiy.&lt;init&gt;(ActionsUtilitiy.java:23)
	at pageObjects.HomePageMethods.&lt;init&gt;(HomePageMethods.java:20)
	at pageObjects.HomePageMethods.getHomePageObject(HomePageMethods.java:27)
	at StepDefinitions.HomePageStepDefinitions.user_is_on_home_page(HomePageStepDefinitions.java:27)
	at ✽.user is on the home page(file:///C:/Users/Akshay/eclipse-workspace/GreenKart1_Selenium_Java_Cucumber/src/test/resources/FeatureFiles/home.feature:8)
</pre></div><a href='#' onClick='toggleBox("stack-trace1726616678", this, "Click to show all stack frames", "Click to hide stack frames")'>Click to show all stack frames</a>
<div class='stack-trace' id='stack-trace1726616678'><pre>java.lang.IllegalArgumentException: Driver must be set
	at org.openqa.selenium.internal.Require.nonNull(Require.java:64)
	at org.openqa.selenium.interactions.Actions.&lt;init&gt;(Actions.java:67)
	at org.openqa.selenium.interactions.Actions.&lt;init&gt;(Actions.java:63)
	at utilities.ActionsUtilitiy.&lt;init&gt;(ActionsUtilitiy.java:23)
	at pageObjects.HomePageMethods.&lt;init&gt;(HomePageMethods.java:20)
	at pageObjects.HomePageMethods.getHomePageObject(HomePageMethods.java:27)
	at StepDefinitions.HomePageStepDefinitions.user_is_on_home_page(HomePageStepDefinitions.java:27)
	at ✽.user is on the home page(file:///C:/Users/Akshay/eclipse-workspace/GreenKart1_Selenium_Java_Cucumber/src/test/resources/FeatureFiles/home.feature:8)
</pre></div></td>
<td>0</td>
<td>TestRunners.TestRunner@47eaca72</td></tr>
<tr>
<td title='TestRunners.TestRunner.runScenario()'><b>runScenario</b><br>Test class: TestRunners.TestRunner<br>Test method: Runs Cucumber Scenarios<br>Parameters: "Item count updates when adding different products", "Home Page Functionality"</td>
<td><div><pre>java.lang.IllegalArgumentException: Driver must be set
	at org.openqa.selenium.internal.Require.nonNull(Require.java:64)
	at org.openqa.selenium.interactions.Actions.&lt;init&gt;(Actions.java:67)
	at org.openqa.selenium.interactions.Actions.&lt;init&gt;(Actions.java:63)
	at utilities.ActionsUtilitiy.&lt;init&gt;(ActionsUtilitiy.java:23)
	at pageObjects.HomePageMethods.&lt;init&gt;(HomePageMethods.java:20)
	at pageObjects.HomePageMethods.getHomePageObject(HomePageMethods.java:27)
	at StepDefinitions.HomePageStepDefinitions.user_is_on_home_page(HomePageStepDefinitions.java:27)
	at ✽.user is on the home page(file:///C:/Users/Akshay/eclipse-workspace/GreenKart1_Selenium_Java_Cucumber/src/test/resources/FeatureFiles/home.feature:8)
</pre></div><a href='#' onClick='toggleBox("stack-trace2111882926", this, "Click to show all stack frames", "Click to hide stack frames")'>Click to show all stack frames</a>
<div class='stack-trace' id='stack-trace2111882926'><pre>java.lang.IllegalArgumentException: Driver must be set
	at org.openqa.selenium.internal.Require.nonNull(Require.java:64)
	at org.openqa.selenium.interactions.Actions.&lt;init&gt;(Actions.java:67)
	at org.openqa.selenium.interactions.Actions.&lt;init&gt;(Actions.java:63)
	at utilities.ActionsUtilitiy.&lt;init&gt;(ActionsUtilitiy.java:23)
	at pageObjects.HomePageMethods.&lt;init&gt;(HomePageMethods.java:20)
	at pageObjects.HomePageMethods.getHomePageObject(HomePageMethods.java:27)
	at StepDefinitions.HomePageStepDefinitions.user_is_on_home_page(HomePageStepDefinitions.java:27)
	at ✽.user is on the home page(file:///C:/Users/Akshay/eclipse-workspace/GreenKart1_Selenium_Java_Cucumber/src/test/resources/FeatureFiles/home.feature:8)
</pre></div></td>
<td>0</td>
<td>TestRunners.TestRunner@47eaca72</td></tr>
</table><p>
</body>
</html>