<?xml version="1.0" encoding="UTF-8"?>
<!-- Generated by org.testng.reporters.JUnitXMLReporter -->
<testsuite ignored="0" hostname="DESKTOP-BUAMJ51" failures="7" tests="7" name="Default test" time="0.722" errors="0" timestamp="2026-01-11T19:34:58 IST">
  <testcase classname="io.cucumber.testng.AbstractTestNGCucumberTests" name="runScenario" time="0.104">
    <failure type="java.lang.IllegalArgumentException" message="Driver must be set">
      <![CDATA[java.lang.IllegalArgumentException: Driver must be set
at org.openqa.selenium.internal.Require.nonNull(Require.java:64)
at org.openqa.selenium.interactions.Actions.<init>(Actions.java:67)
at org.openqa.selenium.interactions.Actions.<init>(Actions.java:63)
at utilities.ActionsUtilitiy.<init>(ActionsUtilitiy.java:23)
at pageObjects.HomePageMethods.<init>(HomePageMethods.java:20)
at pageObjects.HomePageMethods.getHomePageObject(HomePageMethods.java:27)
at StepDefinitions.HomePageStepDefinitions.user_is_on_home_page(HomePageStepDefinitions.java:27)
at ✽.user is on the home page(file:///C:/Users/Akshay/eclipse-workspace/GreenKart1_Selenium_Java_Cucumber/src/test/resources/FeatureFiles/home.feature:8)
]]>
    </failure>
  </testcase> <!-- runScenario -->
  <testcase classname="io.cucumber.testng.AbstractTestNGCucumberTests" name="runScenario" time="0.008">
    <failure type="java.lang.IllegalArgumentException" message="Driver must be set">
      <![CDATA[java.lang.IllegalArgumentException: Driver must be set
at org.openqa.selenium.internal.Require.nonNull(Require.java:64)
at org.openqa.selenium.interactions.Actions.<init>(Actions.java:67)
at org.openqa.selenium.interactions.Actions.<init>(Actions.java:63)
at utilities.ActionsUtilitiy.<init>(ActionsUtilitiy.java:23)
at pageObjects.HomePageMethods.<init>(HomePageMethods.java:20)
at pageObjects.HomePageMethods.getHomePageObject(HomePageMethods.java:27)
at StepDefinitions.HomePageStepDefinitions.user_is_on_home_page(HomePageStepDefinitions.java:27)
at ✽.user is on the home page(file:///C:/Users/Akshay/eclipse-workspace/GreenKart1_Selenium_Java_Cucumber/src/test/resources/FeatureFiles/home.feature:8)
]]>
    </failure>
  </testcase> <!-- runScenario -->
  <testcase classname="io.cucumber.testng.AbstractTestNGCucumberTests" name="runScenario" time="0.007">
    <failure type="java.lang.IllegalArgumentException" message="Driver must be set">
      <![CDATA[java.lang.IllegalArgumentException: Driver must be set
at org.openqa.selenium.internal.Require.nonNull(Require.java:64)
at org.openqa.selenium.interactions.Actions.<init>(Actions.java:67)
at org.openqa.selenium.interactions.Actions.<init>(Actions.java:63)
at utilities.ActionsUtilitiy.<init>(ActionsUtilitiy.java:23)
at pageObjects.HomePageMethods.<init>(HomePageMethods.java:20)
at pageObjects.HomePageMethods.getHomePageObject(HomePageMethods.java:27)
at StepDefinitions.HomePageStepDefinitions.user_is_on_home_page(HomePageStepDefinitions.java:27)
at ✽.user is on the home page(file:///C:/Users/Akshay/eclipse-workspace/GreenKart1_Selenium_Java_Cucumber/src/test/resources/FeatureFiles/home.feature:8)
]]>
    </failure>
  </testcase> <!-- runScenario -->
  <testcase classname="io.cucumber.testng.AbstractTestNGCucumberTests" name="runScenario" time="0.004">
    <failure type="java.lang.IllegalArgumentException" message="Driver must be set">
      <![CDATA[java.lang.IllegalArgumentException: Driver must be set
at org.openqa.selenium.internal.Require.nonNull(Require.java:64)
at org.openqa.selenium.interactions.Actions.<init>(Actions.java:67)
at org.openqa.selenium.interactions.Actions.<init>(Actions.java:63)
at utilities.ActionsUtilitiy.<init>(ActionsUtilitiy.java:23)
at pageObjects.HomePageMethods.<init>(HomePageMethods.java:20)
at pageObjects.HomePageMethods.getHomePageObject(HomePageMethods.java:27)
at StepDefinitions.HomePageStepDefinitions.user_is_on_home_page(HomePageStepDefinitions.java:27)
at ✽.user is on the home page(file:///C:/Users/Akshay/eclipse-workspace/GreenKart1_Selenium_Java_Cucumber/src/test/resources/FeatureFiles/home.feature:8)
]]>
    </failure>
  </testcase> <!-- runScenario -->
  <testcase classname="io.cucumber.testng.AbstractTestNGCucumberTests" name="runScenario" time="0.006">
    <failure type="java.lang.IllegalArgumentException" message="Driver must be set">
      <![CDATA[java.lang.IllegalArgumentException: Driver must be set
at org.openqa.selenium.internal.Require.nonNull(Require.java:64)
at org.openqa.selenium.interactions.Actions.<init>(Actions.java:67)
at org.openqa.selenium.interactions.Actions.<init>(Actions.java:63)
at utilities.ActionsUtilitiy.<init>(ActionsUtilitiy.java:23)
at pageObjects.HomePageMethods.<init>(HomePageMethods.java:20)
at pageObjects.HomePageMethods.getHomePageObject(HomePageMethods.java:27)
at StepDefinitions.HomePageStepDefinitions.user_is_on_home_page(HomePageStepDefinitions.java:27)
at ✽.user is on the home page(file:///C:/Users/Akshay/eclipse-workspace/GreenKart1_Selenium_Java_Cucumber/src/test/resources/FeatureFiles/home.feature:8)
]]>
    </failure>
  </testcase> <!-- runScenario -->
  <testcase classname="io.cucumber.testng.AbstractTestNGCucumberTests" name="runScenario" time="0.046">
    <failure type="java.lang.IllegalArgumentException" message="Driver must be set">
      <![CDATA[java.lang.IllegalArgumentException: Driver must be set
at org.openqa.selenium.internal.Require.nonNull(Require.java:64)
at org.openqa.selenium.interactions.Actions.<init>(Actions.java:67)
at org.openqa.selenium.interactions.Actions.<init>(Actions.java:63)
at utilities.ActionsUtilitiy.<init>(ActionsUtilitiy.java:23)
at pageObjects.HomePageMethods.<init>(HomePageMethods.java:20)
at pageObjects.HomePageMethods.getHomePageObject(HomePageMethods.java:27)
at StepDefinitions.HomePageStepDefinitions.user_is_on_home_page(HomePageStepDefinitions.java:27)
at ✽.user is on the home page(file:///C:/Users/Akshay/eclipse-workspace/GreenKart1_Selenium_Java_Cucumber/src/test/resources/FeatureFiles/home.feature:8)
]]>
    </failure>
  </testcase> <!-- runScenario -->
  <testcase classname="io.cucumber.testng.AbstractTestNGCucumberTests" name="runScenario" time="0.005">
    <failure type="java.lang.IllegalArgumentException" message="Driver must be set">
      <![CDATA[java.lang.IllegalArgumentException: Driver must be set
at org.openqa.selenium.internal.Require.nonNull(Require.java:64)
at org.openqa.selenium.interactions.Actions.<init>(Actions.java:67)
at org.openqa.selenium.interactions.Actions.<init>(Actions.java:63)
at utilities.ActionsUtilitiy.<init>(ActionsUtilitiy.java:23)
at pageObjects.HomePageMethods.<init>(HomePageMethods.java:20)
at pageObjects.HomePageMethods.getHomePageObject(HomePageMethods.java:27)
at StepDefinitions.HomePageStepDefinitions.user_is_on_home_page(HomePageStepDefinitions.java:27)
at ✽.user is on the home page(file:///C:/Users/Akshay/eclipse-workspace/GreenKart1_Selenium_Java_Cucumber/src/test/resources/FeatureFiles/home.feature:8)
]]>
    </failure>
  </testcase> <!-- runScenario -->
</testsuite> <!-- Default test -->
