<?xml version="1.0" encoding="UTF-8"?>
<!-- Generated by org.testng.reporters.JUnitXMLReporter -->
<testsuite ignored="5" hostname="DESKTOP-BUAMJ51" failures="0" tests="1" name="Default test" time="6.446" errors="0" timestamp="2025-11-27T21:27:45 IST">
  <testcase classname="TestPages.CartPageTestCases" name="verifyItemQuantityIncreasingWhileAddingSameItem" time="5.48"/>
  <testcase classname="TestPages.CartPageTestCases" name="verifyUserIsAbleToCheckOut" time="0.0">
    <ignored/>
  </testcase> <!-- verifyUserIsAbleToCheckOut -->
  <testcase classname="TestPages.CartPageTestCases" name="verifyUserIsAbleToRemoveItemFromCart" time="0.0">
    <ignored/>
  </testcase> <!-- verifyUserIsAbleToRemoveItemFromCart -->
  <testcase classname="TestPages.CartPageTestCases" name="verifyUserIsAbleToSeeItemInCart" time="0.0">
    <ignored/>
  </testcase> <!-- verifyUserIsAbleToSeeItemInCart -->
  <testcase classname="TestPages.CartPageTestCases" name="verifyAddingMoreQuantityOfItemToAddToCartUsingQuantityBox" time="0.0">
    <ignored/>
  </testcase> <!-- verifyAddingMoreQuantityOfItemToAddToCartUsingQuantityBox -->
  <testcase classname="TestPages.CartPageTestCases" name="verifyUserIsAbleToAddMoreThanOneQuantityOfItemToCartUsingPlusButton" time="0.0">
    <ignored/>
  </testcase> <!-- verifyUserIsAbleToAddMoreThanOneQuantityOfItemToCartUsingPlusButton -->
</testsuite> <!-- Default test -->
