<?xml version="1.0" encoding="UTF-8"?>
<!-- Generated by org.testng.reporters.JUnitXMLReporter -->
<testsuite ignored="26" hostname="DESKTOP-BUAMJ51" failures="0" tests="2" name="Smoke Tests" time="15.521" errors="0" timestamp="2026-02-08T15:48:05 IST">
  <testcase classname="TestPages.HomePageTestCases" name="verifyItemNumberIsNotIncreasingWhileAddingSameItem" time="5.165"/>
  <testcase classname="TestPages.HomePageTestCases" name="verifyUserIsNotAbleToDecreaseDefaultQuantityInQuantityBox" time="2.086"/>
  <testcase classname="TestPages.HomePageTestCases" name="verifyItemNumberIsUpdatingWhileAddingDifferentProductsToCart" time="0.0">
    <ignored/>
  </testcase> <!-- verifyItemNumberIsUpdatingWhileAddingDifferentProductsToCart -->
  <testcase classname="TestPages.PlaceOrderPageTestCases" name="verifyItemTotalCostInGridTable" time="0.0">
    <ignored/>
  </testcase> <!-- verifyItemTotalCostInGridTable -->
  <testcase classname="TestPages.CartPageTestCases" name="verifyAddingMoreQuantityOfItemToAddToCartUsingQuantityBox" time="0.0">
    <ignored/>
  </testcase> <!-- verifyAddingMoreQuantityOfItemToAddToCartUsingQuantityBox -->
  <testcase classname="TestPages.PlaceOrderPageTestCases" name="verifyUserIsAbleToPlaceOrderAfterPromoCodeApply" time="0.0">
    <ignored/>
  </testcase> <!-- verifyUserIsAbleToPlaceOrderAfterPromoCodeApply -->
  <testcase classname="TestPages.CartPageTestCases" name="verifyUserIsAbleToSeeItemInCart" time="0.0">
    <ignored/>
  </testcase> <!-- verifyUserIsAbleToSeeItemInCart -->
  <testcase classname="TestPages.HomePageTestCases" name="verifyItemNumberIsIncreasingWhileAddingMultipleItems" time="0.0">
    <ignored/>
  </testcase> <!-- verifyItemNumberIsIncreasingWhileAddingMultipleItems -->
  <testcase classname="TestPages.PlaceOrderPageTestCases" name="verifyUserIsUnableToGetDiscountWithInvalidPromoCode" time="0.0">
    <ignored/>
  </testcase> <!-- verifyUserIsUnableToGetDiscountWithInvalidPromoCode -->
  <testcase classname="base.BasePage" name="@BeforeSuite setUpExtentReport" time="0.0">
    <ignored/>
  </testcase> <!-- @BeforeSuite setUpExtentReport -->
  <testcase classname="TestPages.HomePageTestCases" name="verifyUserIsAbleToIncreaseCartPrice" time="0.0">
    <ignored/>
  </testcase> <!-- verifyUserIsAbleToIncreaseCartPrice -->
  <testcase classname="TestPages.PlaceOrderPageTestCases" name="verifyUserIsAbleToPlaceOrderWithoutPromoCodeApply" time="0.0">
    <ignored/>
  </testcase> <!-- verifyUserIsAbleToPlaceOrderWithoutPromoCodeApply -->
  <testcase classname="TestPages.ProceedPageTestCases" name="VerifyUserIsUnableToProceedWithOutAcceptingTermsAndCoditions" time="0.0">
    <ignored/>
  </testcase> <!-- VerifyUserIsUnableToProceedWithOutAcceptingTermsAndCoditions -->
  <testcase classname="TestPages.CartPageTestCases" name="verifyItemQuantityIncreasingWhileAddingSameItem" time="0.0">
    <ignored/>
  </testcase> <!-- verifyItemQuantityIncreasingWhileAddingSameItem -->
  <testcase classname="TestPages.PlaceOrderPageTestCases" name="verifyUserIsAbleToGetDiscountWithValidPromoCode" time="0.0">
    <ignored/>
  </testcase> <!-- verifyUserIsAbleToGetDiscountWithValidPromoCode -->
  <testcase classname="TestPages.ProceedPageTestCases" name="VerifyUserIsAbleToAcceptTermsAndConditions" time="0.0">
    <ignored/>
  </testcase> <!-- VerifyUserIsAbleToAcceptTermsAndConditions -->
  <testcase classname="TestPages.HomePageTestCases" name="verifyUserIsAbleToSearchItem" time="0.0">
    <ignored/>
  </testcase> <!-- verifyUserIsAbleToSearchItem -->
  <testcase classname="base.BasePage" name="@BeforeSuite setUpExtentReport" time="0.0">
    <ignored/>
  </testcase> <!-- @BeforeSuite setUpExtentReport -->
  <testcase classname="TestPages.CartPageTestCases" name="verifyUserIsAbleToAddMoreThanOneQuantityOfItemToCartUsingPlusButton" time="0.0">
    <ignored/>
  </testcase> <!-- verifyUserIsAbleToAddMoreThanOneQuantityOfItemToCartUsingPlusButton -->
  <testcase classname="TestPages.PlaceOrderPageTestCases" name="verifyUserIsAbleToApplyPromoCode" time="0.0">
    <ignored/>
  </testcase> <!-- verifyUserIsAbleToApplyPromoCode -->
  <testcase classname="TestPages.PlaceOrderPageTestCases" name="verifyItemsCostInGridTable" time="0.0">
    <ignored/>
  </testcase> <!-- verifyItemsCostInGridTable -->
  <testcase classname="TestPages.CartPageTestCases" name="verifyUserIsAbleToCheckOut" time="0.0">
    <ignored/>
  </testcase> <!-- verifyUserIsAbleToCheckOut -->
  <testcase classname="TestPages.PlaceOrderPageTestCases" name="verifyItemsQuantityInGridTable" time="0.0">
    <ignored/>
  </testcase> <!-- verifyItemsQuantityInGridTable -->
  <testcase classname="base.BasePage" name="@BeforeSuite setUpExtentReport" time="0.0">
    <ignored/>
  </testcase> <!-- @BeforeSuite setUpExtentReport -->
  <testcase classname="TestPages.ProceedPageTestCases" name="VerifyUserIsAbleToSelectCountry" time="0.0">
    <ignored/>
  </testcase> <!-- VerifyUserIsAbleToSelectCountry -->
  <testcase classname="TestPages.PlaceOrderPageTestCases" name="verifyUserIsUnableToApplyPromoCodeWithInvalidPromoCode" time="0.0">
    <ignored/>
  </testcase> <!-- verifyUserIsUnableToApplyPromoCodeWithInvalidPromoCode -->
  <testcase classname="TestPages.ProceedPageTestCases" name="VerifyUserIsAbleToProceedAndGetConformationMessage" time="0.0">
    <ignored/>
  </testcase> <!-- VerifyUserIsAbleToProceedAndGetConformationMessage -->
  <testcase classname="TestPages.CartPageTestCases" name="verifyUserIsAbleToRemoveItemFromCart" time="0.0">
    <ignored/>
  </testcase> <!-- verifyUserIsAbleToRemoveItemFromCart -->
</testsuite> <!-- Smoke Tests -->
