<?xml version="1.0" encoding="UTF-8"?>
<!-- Generated by org.testng.reporters.JUnitXMLReporter -->
<testsuite ignored="0" hostname="DESKTOP-BUAMJ51" failures="0" tests="8" name="Test" time="36.17" errors="0" timestamp="2026-01-17T11:49:00 IST">
  <testcase classname="TestPages.HomePageTestCases" name="verifyItemNumberIsIncreasingWhileAddingMultipleItems" time="1.198"/>
  <testcase classname="TestPages.HomePageTestCases" name="verifyItemNumberIsNotIncreasingWhileAddingSameItem" time="4.295"/>
  <testcase classname="TestPages.HomePageTestCases" name="verifyItemNumberIsUpdatingWhileAddingDifferentProductsToCart" time="0.715"/>
  <testcase classname="TestPages.HomePageTestCases" name="verifyItemNumberIsUpdatingWhileAddingDifferentProductsToCart" time="0.652"/>
  <testcase classname="TestPages.HomePageTestCases" name="verifyItemNumberIsUpdatingWhileAddingDifferentProductsToCart" time="0.614"/>
  <testcase classname="TestPages.HomePageTestCases" name="verifyUserIsAbleToIncreaseCartPrice" time="0.956"/>
  <testcase classname="TestPages.HomePageTestCases" name="verifyUserIsAbleToSearchItem" time="0.45"/>
  <testcase classname="TestPages.HomePageTestCases" name="verifyUserIsNotAbleToDecreaseDefaultQuantityInQuantityBox" time="1.547"/>
</testsuite> <!-- Test -->
