<?xml version="1.0" encoding="UTF-8"?>
<!-- Generated by org.testng.reporters.JUnitXMLReporter -->
<testsuite ignored="2" hostname="DESKTOP-BUAMJ51" failures="0" tests="3" name="Default test" time="17.653" errors="0" timestamp="2025-10-27T16:37:28 IST">
  <testcase classname="TestPackage.HomePageTestCases" name="verifyUserIsAbleToSearchItemsWithValidData" time="0.927"/>
  <testcase classname="TestPackage.HomePageTestCases" name="verifyUserIsAbleToSearchItemsWithValidData" time="5.945"/>
  <testcase classname="TestPackage.HomePageTestCases" name="verifyUserIsAbleToSearchItemsWithValidData" time="5.94"/>
  <testcase classname="TestPackage.HomePageTestCases" name="verifyUserIsAbleToSearchSpecificProductsWithIphoneBrandWithDescription" time="0.0">
    <ignored/>
  </testcase> <!-- verifyUserIsAbleToSearchSpecificProductsWithIphoneBrandWithDescription -->
  <testcase classname="TestPackage.HomePageTestCases" name="verifyUserIsAbleToSearchItemWithValidData" time="0.0">
    <ignored/>
  </testcase> <!-- verifyUserIsAbleToSearchItemWithValidData -->
</testsuite> <!-- Default test -->
