<?xml version="1.0" encoding="UTF-8"?>
<!-- Generated by org.testng.reporters.JUnitXMLReporter -->
<testsuite ignored="1" hostname="DESKTOP-BUAMJ51" failures="0" tests="1" name="Default test" time="0.06" errors="0" timestamp="2025-11-14T18:10:04 IST">
  <testcase classname="Coding_Problems" name="primeNumber" time="0.01"/>
  <testcase classname="Coding_Problems" name="factorialOfGivenNumber" time="0.0">
    <ignored/>
  </testcase> <!-- factorialOfGivenNumber -->
</testsuite> <!-- Default test -->
