<?xml version="1.0" encoding="UTF-8"?>
<!-- Generated by org.testng.reporters.JUnitXMLReporter -->
<testsuite ignored="3" hostname="DESKTOP-BUAMJ51" failures="0" tests="1" name="Default test" time="6.136" errors="0" timestamp="2025-11-13T22:05:23 IST">
  <testcase classname="TestPages.ProceedPageTestCases" name="VerifyUserIsAbleToAcceptTermsAndConditions" time="2.974"/>
  <testcase classname="TestPages.ProceedPageTestCases" name="VerifyUserIsAbleToSelectCountry" time="0.0">
    <ignored/>
  </testcase> <!-- VerifyUserIsAbleToSelectCountry -->
  <testcase classname="TestPages.ProceedPageTestCases" name="VerifyUserIsAbleToProceedAndGetConformationMessage" time="0.0">
    <ignored/>
  </testcase> <!-- VerifyUserIsAbleToProceedAndGetConformationMessage -->
  <testcase classname="TestPages.ProceedPageTestCases" name="VerifyUserIsUnableToProceedWithOutAcceptingTermsAndCoditions" time="0.0">
    <ignored/>
  </testcase> <!-- VerifyUserIsUnableToProceedWithOutAcceptingTermsAndCoditions -->
</testsuite> <!-- Default test -->
