<?xml version="1.0" encoding="UTF-8"?>
<!-- Generated by org.testng.reporters.JUnitXMLReporter -->
<testsuite ignored="0" hostname="DESKTOP-BUAMJ51" failures="0" tests="8" name="Default test" time="37.533" errors="0" timestamp="2026-01-11T22:17:30 IST">
  <testcase classname="TestPages.HomePageTestCases" name="verifyItemNumberIsIncreasingWhileAddingMultipleItems" time="1.456"/>
  <testcase classname="TestPages.HomePageTestCases" name="verifyItemNumberIsNotIncreasingWhileAddingSameItem" time="4.484"/>
  <testcase classname="TestPages.HomePageTestCases" name="verifyItemNumberIsUpdatingWhileAddingDifferentProductsToCart" time="0.649"/>
  <testcase classname="TestPages.HomePageTestCases" name="verifyItemNumberIsUpdatingWhileAddingDifferentProductsToCart" time="0.682"/>
  <testcase classname="TestPages.HomePageTestCases" name="verifyItemNumberIsUpdatingWhileAddingDifferentProductsToCart" time="0.694"/>
  <testcase classname="TestPages.HomePageTestCases" name="verifyUserIsAbleToIncreaseCartPrice" time="0.819"/>
  <testcase classname="TestPages.HomePageTestCases" name="verifyUserIsAbleToSearchItem" time="0.45"/>
  <testcase classname="TestPages.HomePageTestCases" name="verifyUserIsNotAbleToDecreaseDefaultQuantityInQuantityBox" time="1.649"/>
</testsuite> <!-- Default test -->
